+------------------+---------+------+---------------+-----------------------------------------------------------------------------------------+
| id               | estRows | task | access object | operator info                                                                           |
+------------------+---------+------+---------------+-----------------------------------------------------------------------------------------+
| Projection_6     | 1.00    | root |               | Column#36, Column#37, unix_timestamp(Column#37)->Column#38                              |
| └─StreamAgg_8    | 1.00    | root |               | funcs:count(1)->Column#36, funcs:max(gharchive_dev.github_events.created_at)->Column#37 |
|   └─TableDual_10 | 0.00    | root |               | rows:0                                                                                  |
+------------------+---------+------+---------------+-----------------------------------------------------------------------------------------+
