+------------------------------------+---------------+--------------+------------------------------------------------------------------+------------------------------------------------------------------------------------------------------------------------------------------------------------------------------------------------------------------+
| id                                 | estRows       | task         | access object                                                    | operator info                                                                                                                                                                                                    |
+------------------------------------+---------------+--------------+------------------------------------------------------------------+------------------------------------------------------------------------------------------------------------------------------------------------------------------------------------------------------------------+
| Sort_16                            | 14.72         | root         |                                                                  | Column#42:desc                                                                                                                                                                                                   |
| └─Projection_18                    | 14.72         | root         |                                                                  | gharchive_dev.osdb_repos.group_name, Column#42                                                                                                                                                                   |
|   └─HashAgg_19                     | 14.72         | root         |                                                                  | group by:gharchive_dev.osdb_repos.group_name, funcs:count(distinct gharchive_dev.github_events.actor_login)->Column#42, funcs:firstrow(gharchive_dev.osdb_repos.group_name)->gharchive_dev.osdb_repos.group_name |
|     └─HashJoin_20                  | 330.30        | root         |                                                                  | CARTESIAN anti semi join, other cond:eq(gharchive_dev.github_events.actor_login, gharchive_dev.blacklist_users.login)                                                                                            |
|       ├─IndexReader_36(Build)      | 1.00          | root         |                                                                  | index:IndexFullScan_35                                                                                                                                                                                           |
|       │ └─IndexFullScan_35         | 1.00          | cop[tikv]    | table:blacklist_users, index:blacklist_users_login_uindex(login) | keep order:false                                                                                                                                                                                                 |
|       └─Projection_21(Probe)       | 412.87        | root         |                                                                  | gharchive_dev.github_events.actor_login, gharchive_dev.osdb_repos.group_name                                                                                                                                     |
|         └─HashJoin_23              | 412.87        | root         |                                                                  | inner join, equal:[eq(Column#44, Column#43)]                                                                                                                                                                     |
|           ├─Projection_24(Build)   | 23.00         | root         |                                                                  | gharchive_dev.osdb_repos.group_name, cast(gharchive_dev.osdb_repos.id, double BINARY)->Column#44                                                                                                                 |
|           │ └─TableReader_26       | 23.00         | root         |                                                                  | data:TableFullScan_25                                                                                                                                                                                            |
|           │   └─TableFullScan_25   | 23.00         | cop[tikv]    | table:db                                                         | keep order:false, stats:pseudo                                                                                                                                                                                   |
|           └─Projection_27(Probe)   | 7861951.04    | root         |                                                                  | gharchive_dev.github_events.actor_login, cast(gharchive_dev.github_events.repo_id, double BINARY)->Column#43                                                                                                     |
|             └─TableReader_30       | 7861951.04    | root         | partition:issues_event                                           | data:Selection_29                                                                                                                                                                                                |
|               └─Selection_29       | 7861951.04    | cop[tiflash] |                                                                  | eq(gharchive_dev.github_events.action, "opened"), eq(gharchive_dev.github_events.type, "IssuesEvent"), not(like(gharchive_dev.github_events.actor_login, "%bot%", 92))                                           |
|                 └─TableFullScan_28 | 4928742742.00 | cop[tiflash] | table:github_events                                              | keep order:false                                                                                                                                                                                                 |
+------------------------------------+---------------+--------------+------------------------------------------------------------------+------------------------------------------------------------------------------------------------------------------------------------------------------------------------------------------------------------------+
