+----------------------------------+---------+-----------+-----------------------------------------------------------------------------------------------------------------------------------------+--------------------------------------------------------------------------------------------------------------------------------------------------------------------------------------------------------------------------------------------------------------------------------------+
| id                               | estRows | task      | access object                                                                                                                           | operator info                                                                                                                                                                                                                                                                        |
+----------------------------------+---------+-----------+-----------------------------------------------------------------------------------------------------------------------------------------+--------------------------------------------------------------------------------------------------------------------------------------------------------------------------------------------------------------------------------------------------------------------------------------+
| Sort_6                           | 1.00    | root      |                                                                                                                                         | gharchive_dev.github_events.event_month                                                                                                                                                                                                                                              |
| └─Projection_8                   | 1.00    | root      |                                                                                                                                         | gharchive_dev.github_events.event_month, Column#36, Column#37, Column#38                                                                                                                                                                                                             |
|   └─HashAgg_27                   | 1.00    | root      |                                                                                                                                         | group by:gharchive_dev.github_events.event_month, funcs:sum(Column#46)->Column#36, funcs:sum(Column#47)->Column#37, funcs:sum(Column#48)->Column#38, funcs:firstrow(gharchive_dev.github_events.event_month)->gharchive_dev.github_events.event_month                                |
|     └─IndexLookUp_28             | 1.00    | root      | partition:pull_request_event                                                                                                            |                                                                                                                                                                                                                                                                                      |
|       ├─IndexRangeScan_23(Build) | 4.94    | cop[tikv] | table:ge, index:index_github_events_on_creator_id_type_action_merged_event_month(creator_user_id, type, action, pr_merged, event_month) | range:[5086433 "PullRequestEvent" "closed" 1,5086433 "PullRequestEvent" "closed" 1], keep order:false                                                                                                                                                                                |
|       └─HashAgg_10(Probe)        | 1.00    | cop[tikv] |                                                                                                                                         | group by:gharchive_dev.github_events.event_month, funcs:sum(gharchive_dev.github_events.additions)->Column#46, funcs:sum(gharchive_dev.github_events.deletions)->Column#47, funcs:sum(plus(gharchive_dev.github_events.additions, gharchive_dev.github_events.deletions))->Column#48 |
|         └─TableRowIDScan_24      | 4.94    | cop[tikv] | table:ge                                                                                                                                | keep order:false                                                                                                                                                                                                                                                                     |
+----------------------------------+---------+-----------+-----------------------------------------------------------------------------------------------------------------------------------------+--------------------------------------------------------------------------------------------------------------------------------------------------------------------------------------------------------------------------------------------------------------------------------------+
