+--------------------------------------+----------+-----------+--------------------------------------------------------------------------+----------------------------------------------------------------------------------------------------------------------------------------------------------------------------------------------------+
| id                                   | estRows  | task      | access object                                                            | operator info                                                                                                                                                                                      |
+--------------------------------------+----------+-----------+--------------------------------------------------------------------------+----------------------------------------------------------------------------------------------------------------------------------------------------------------------------------------------------+
| Projection_15                        | 10.00    | root      |                                                                          | any_value(gharchive_dev.github_events.repo_name)->Column#40, Column#39                                                                                                                             |
| └─TopN_18                            | 10.00    | root      |                                                                          | Column#39:desc, offset:0, count:10                                                                                                                                                                 |
|   └─HashAgg_25                       | 825.74   | root      |                                                                          | group by:gharchive_dev.github_events.repo_id, funcs:count(gharchive_dev.github_events.id)->Column#39, funcs:firstrow(gharchive_dev.github_events.repo_name)->gharchive_dev.github_events.repo_name |
|     └─HashJoin_44                    | 825.74   | root      |                                                                          | inner join, equal:[eq(Column#43, Column#42)]                                                                                                                                                       |
|       ├─Projection_55(Build)         | 46.00    | root      |                                                                          | cast(gharchive_dev.db_repos.id, double BINARY)->Column#43                                                                                                                                          |
|       │ └─IndexReader_61             | 46.00    | root      |                                                                          | index:IndexFullScan_60                                                                                                                                                                             |
|       │   └─IndexFullScan_60         | 46.00    | cop[tikv] | table:repo_subset, index:PRIMARY(id)                                     | keep order:false, stats:pseudo                                                                                                                                                                     |
|       └─Projection_62(Probe)         | 31389.15 | root      |                                                                          | gharchive_dev.github_events.id, gharchive_dev.github_events.repo_id, gharchive_dev.github_events.repo_name, cast(gharchive_dev.github_events.repo_id, double BINARY)->Column#42                    |
|         └─IndexLookUp_71             | 31389.15 | root      | partition:all                                                            |                                                                                                                                                                                                    |
|           ├─IndexRangeScan_69(Build) | 31389.15 | cop[tikv] | table:github_events, index:index_github_events_on_created_at(created_at) | range:[2022-08-24 01:00:00,2022-08-24 02:00:00), keep order:false                                                                                                                                  |
|           └─TableRowIDScan_70(Probe) | 31389.15 | cop[tikv] | table:github_events                                                      | keep order:false                                                                                                                                                                                   |
+--------------------------------------+----------+-----------+--------------------------------------------------------------------------+----------------------------------------------------------------------------------------------------------------------------------------------------------------------------------------------------+
