+----------------------------------+---------------+--------------+-----------------------+------------------------------------------------------------------------------------------------------------------------------------------------------------------------------------------------------------------+
| id                               | estRows       | task         | access object         | operator info                                                                                                                                                                                                    |
+----------------------------------+---------------+--------------+-----------------------+------------------------------------------------------------------------------------------------------------------------------------------------------------------------------------------------------------------+
| Sort_13                          | 18.40         | root         |                       | Column#40:desc                                                                                                                                                                                                   |
| └─Projection_15                  | 18.40         | root         |                       | gharchive_dev.osdb_repos.group_name, Column#40                                                                                                                                                                   |
|   └─HashAgg_16                   | 18.40         | root         |                       | group by:gharchive_dev.osdb_repos.group_name, funcs:count(distinct gharchive_dev.github_events.actor_login)->Column#40, funcs:firstrow(gharchive_dev.osdb_repos.group_name)->gharchive_dev.osdb_repos.group_name |
|     └─Projection_17              | 412.87        | root         |                       | gharchive_dev.github_events.actor_login, gharchive_dev.osdb_repos.group_name                                                                                                                                     |
|       └─HashJoin_19              | 412.87        | root         |                       | inner join, equal:[eq(Column#42, Column#41)]                                                                                                                                                                     |
|         ├─Projection_20(Build)   | 23.00         | root         |                       | gharchive_dev.osdb_repos.group_name, cast(gharchive_dev.osdb_repos.id, double BINARY)->Column#42                                                                                                                 |
|         │ └─TableReader_22       | 23.00         | root         |                       | data:TableFullScan_21                                                                                                                                                                                            |
|         │   └─TableFullScan_21   | 23.00         | cop[tikv]    | table:db              | keep order:false, stats:pseudo                                                                                                                                                                                   |
|         └─Projection_23(Probe)   | 324253938.43  | root         |                       | gharchive_dev.github_events.actor_login, cast(gharchive_dev.github_events.repo_id, double BINARY)->Column#41                                                                                                     |
|           └─TableReader_29       | 324253938.43  | root         | partition:watch_event | data:Selection_28                                                                                                                                                                                                |
|             └─Selection_28       | 324253938.43  | cop[tiflash] |                       | eq(gharchive_dev.github_events.type, "WatchEvent")                                                                                                                                                               |
|               └─TableFullScan_27 | 4945099302.00 | cop[tiflash] | table:github_events   | keep order:false                                                                                                                                                                                                 |
+----------------------------------+---------------+--------------+-----------------------+------------------------------------------------------------------------------------------------------------------------------------------------------------------------------------------------------------------+
