+-----------------+---------+------+---------------+--------------------------------------------------------------------------+
| id              | estRows | task | access object | operator info                                                            |
+-----------------+---------+------+---------------+--------------------------------------------------------------------------+
| Projection_139  | 1.00    | root |               | 33226->Column#179, 33503->Column#233, 12270->Column#274, 859->Column#313 |
| └─TableDual_140 | 1.00    | root |               | rows:1                                                                   |
+-----------------+---------+------+---------------+--------------------------------------------------------------------------+
