+----------------------------------------+---------------+--------------+---------------+------------------------------------------------------------------------------------------------------------------------------------------------------------------------------------------------------------------------------------------------------------------------+
| id                                     | estRows       | task         | access object | operator info                                                                                                                                                                                                                                                          |
+----------------------------------------+---------------+--------------+---------------+------------------------------------------------------------------------------------------------------------------------------------------------------------------------------------------------------------------------------------------------------------------------+
| Sort_71                                | 33268595.60   | root         |               | Column#44                                                                                                                                                                                                                                                              |
| └─Projection_73                        | 33268595.60   | root         |               | any_value(Column#43)->Column#45, Column#44                                                                                                                                                                                                                             |
|   └─HashAgg_74                         | 33268595.60   | root         |               | group by:Column#44, funcs:firstrow(Column#43)->Column#43, funcs:firstrow(Column#44)->Column#44                                                                                                                                                                         |
|     └─CTEFullScan_75                   | 33268595.60   | root         | CTE:acc       | data:CTE_1                                                                                                                                                                                                                                                             |
| CTE_1                                  | 33268595.60   | root         |               | Non-Recursive CTE                                                                                                                                                                                                                                                      |
| └─Selection_61(Seed Part)              | 33268595.60   | root         |               | 1                                                                                                                                                                                                                                                                      |
|   └─Projection_62                      | 41585744.50   | root         |               | Column#40, Column#38                                                                                                                                                                                                                                                   |
|     └─Window_68                        | 41585744.50   | root         |               | count(gharchive_dev.github_events.actor_login)->Column#40 over(order by Column#38 range between unbounded preceding and current row)                                                                                                                                   |
|       └─Sort_70                        | 41585744.50   | root         |               | Column#38                                                                                                                                                                                                                                                              |
|         └─CTEFullScan_69               | 41585744.50   | root         | CTE:bwfs      | data:CTE_0                                                                                                                                                                                                                                                             |
| CTE_0                                  | 41585744.50   | root         |               | Non-Recursive CTE                                                                                                                                                                                                                                                      |
| └─Sort_18(Seed Part)                   | 41585744.50   | root         |               | Column#36                                                                                                                                                                                                                                                              |
|   └─Projection_20                      | 41585744.50   | root         |               | gharchive_dev.github_events.actor_login, Column#36                                                                                                                                                                                                                     |
|     └─TableReader_54                   | 41585744.50   | root         | partition:all | data:ExchangeSender_53                                                                                                                                                                                                                                                 |
|       └─ExchangeSender_53              | 41585744.50   | mpp[tiflash] |               | ExchangeType: PassThrough                                                                                                                                                                                                                                              |
|         └─Projection_49                | 41585744.50   | mpp[tiflash] |               | Column#36, gharchive_dev.github_events.actor_login                                                                                                                                                                                                                     |
|           └─HashAgg_50                 | 41585744.50   | mpp[tiflash] |               | group by:gharchive_dev.github_events.actor_login, funcs:min(Column#49)->Column#36, funcs:firstrow(gharchive_dev.github_events.actor_login)->gharchive_dev.github_events.actor_login                                                                                    |
|             └─ExchangeReceiver_52      | 41585744.50   | mpp[tiflash] |               |                                                                                                                                                                                                                                                                        |
|               └─ExchangeSender_51      | 41585744.50   | mpp[tiflash] |               | ExchangeType: HashPartition, Hash Cols: [name: gharchive_dev.github_events.actor_login, collate: utf8mb4_unicode_ci]                                                                                                                                                   |
|                 └─HashAgg_25           | 41585744.50   | mpp[tiflash] |               | group by:gharchive_dev.github_events.actor_login, funcs:min(gharchive_dev.github_events.event_year)->Column#49                                                                                                                                                         |
|                   └─Selection_48       | 3942994193.60 | mpp[tiflash] |               | regexp(gharchive_dev.github_events.actor_login, "^(bot-.+|.+bot|.+\[bot\]|.+-bot-.+|robot-.+|.+-ci-.+|.+-ci|.+-testing|.+clabot.+|.+-gerrit|k8s-.+|.+-machine|.+-automation|github-.+|.+-github|.+-service|.+-builds|codecov-.+|.+teamcity.+|jenkins-.+|.+-jira-.+)$") |
|                     └─TableFullScan_47 | 4928742742.00 | mpp[tiflash] | table:ge      | keep order:false, PartitionTableScan:true                                                                                                                                                                                                                              |
+----------------------------------------+---------------+--------------+---------------+------------------------------------------------------------------------------------------------------------------------------------------------------------------------------------------------------------------------------------------------------------------------+
