+-----------------------------------+-------------+--------------+------------------------------------------------------------------------------------------------------------------------------------------+-------------------------------------------------------------------------------------------------------------------------------------------------------------------------------------------------------------------------------------------------------------------------------------------------------------------------------------------------------------------------------------------------------------------------------------------------------------------------------------------------------+
| id                                | estRows     | task         | access object                                                                                                                            | operator info                                                                                                                                                                                                                                                                                                                                                                                                                                                                                         |
+-----------------------------------+-------------+--------------+------------------------------------------------------------------------------------------------------------------------------------------+-------------------------------------------------------------------------------------------------------------------------------------------------------------------------------------------------------------------------------------------------------------------------------------------------------------------------------------------------------------------------------------------------------------------------------------------------------------------------------------------------------+
| Projection_15                     | 22330.90    | root         |                                                                                                                                          | trim(replace(replace(replace(replace(replace(replace(replace(replace(lower(gharchive_dev.users.company), ,, ), -, ), @, ), ., ), ltd, ), inc, ), com, ), www, ))->Column#50, Column#49                                                                                                                                                                                                                                                                                                                |
| └─TopN_18                         | 22330.90    | root         |                                                                                                                                          | Column#49:desc, offset:0, count:9999999999                                                                                                                                                                                                                                                                                                                                                                                                                                                            |
|   └─Selection_23                  | 22330.90    | root         |                                                                                                                                          | ne(length(trim(replace(replace(replace(replace(replace(replace(replace(replace(lower(gharchive_dev.users.company), ",", ""), "-", ""), "@", ""), ".", ""), "ltd", ""), "inc", ""), "com", ""), "www", ""))), 0), not(in(trim(replace(replace(replace(replace(replace(replace(replace(replace(lower(gharchive_dev.users.company), ",", ""), "-", ""), "@", ""), ".", ""), "ltd", ""), "inc", ""), "com", ""), "www", "")), "-", "--- click here ---", "none", "no", "home", "n/a", "unknown", "null")) |
|     └─HashAgg_24                  | 27913.63    | root         |                                                                                                                                          | group by:Column#67, funcs:count(distinct Column#65)->Column#49, funcs:firstrow(Column#66)->gharchive_dev.users.company                                                                                                                                                                                                                                                                                                                                                                                |
|       └─Projection_83             | 27913.63    | root         |                                                                                                                                          | gharchive_dev.github_events.actor_login, gharchive_dev.users.company, trim(replace(replace(replace(replace(replace(replace(replace(replace(lower(gharchive_dev.users.company), ,, ), -, ), @, ), ., ), ltd, ), inc, ), com, ), www, ))->Column#67                                                                                                                                                                                                                                                     |
|         └─HashJoin_42             | 27913.63    | root         |                                                                                                                                          | left outer join, equal:[eq(gharchive_dev.github_events.actor_login, gharchive_dev.users.login)]                                                                                                                                                                                                                                                                                                                                                                                                       |
|           ├─IndexReader_58(Build) | 49450.99    | root         | partition:watch_event                                                                                                                    | index:IndexRangeScan_57                                                                                                                                                                                                                                                                                                                                                                                                                                                                               |
|           │ └─IndexRangeScan_57   | 49450.99    | cop[tikv]    | table:github_events, index:index_github_events_on_repo_id_type_action_month_actor_login(repo_id, type, action, event_month, actor_login) | range:[41986369 "WatchEvent",41986369 "WatchEvent"], keep order:false                                                                                                                                                                                                                                                                                                                                                                                                                                 |
|           └─TableReader_62(Probe) | 45838860.00 | root         |                                                                                                                                          | data:TableFullScan_61                                                                                                                                                                                                                                                                                                                                                                                                                                                                                 |
|             └─TableFullScan_61    | 45838860.00 | cop[tiflash] | table:u                                                                                                                                  | keep order:false                                                                                                                                                                                                                                                                                                                                                                                                                                                                                      |
+-----------------------------------+-------------+--------------+------------------------------------------------------------------------------------------------------------------------------------------+-------------------------------------------------------------------------------------------------------------------------------------------------------------------------------------------------------------------------------------------------------------------------------------------------------------------------------------------------------------------------------------------------------------------------------------------------------------------------------------------------------+
