+-----------------------------+----------+-----------+----------------------------------------------------------------------------------------------------------------------------------------------+----------------------------------------------------------------------------------------------------------------------------------------------------------------------------------------------------------------------------------------------+
| id                          | estRows  | task      | access object                                                                                                                                | operator info                                                                                                                                                                                                                                |
+-----------------------------+----------+-----------+----------------------------------------------------------------------------------------------------------------------------------------------+----------------------------------------------------------------------------------------------------------------------------------------------------------------------------------------------------------------------------------------------+
| Sort_6                      | 2.75     | root      |                                                                                                                                              | Column#38                                                                                                                                                                                                                                    |
| └─Projection_8              | 2.75     | root      |                                                                                                                                              | date_format(gharchive_dev.github_events.created_at, %Y-%m-01)->Column#38, Column#36, ifnull(Column#37, 0)->Column#39                                                                                                                         |
|   └─HashAgg_17              | 2.75     | root      |                                                                                                                                              | group by:Column#44, funcs:count(Column#45)->Column#36, funcs:sum(Column#46)->Column#37, funcs:firstrow(Column#47)->gharchive_dev.github_events.created_at                                                                                    |
|     └─IndexReader_18        | 2.75     | root      | partition:push_event                                                                                                                         | index:HashAgg_9                                                                                                                                                                                                                              |
|       └─HashAgg_9           | 2.75     | cop[tikv] |                                                                                                                                              | group by:date_format(gharchive_dev.github_events.created_at, "%Y-%m-01"), funcs:count(1)->Column#45, funcs:sum(gharchive_dev.github_events.push_distinct_size)->Column#46, funcs:firstrow(gharchive_dev.github_events.created_at)->Column#47 |
|         └─IndexRangeScan_16 | 49450.99 | cop[tikv] | table:ge, index:index_ge_on_actor_id_type_action_repo_id_created_at_commits(actor_id, type, action, repo_id, created_at, push_distinct_size) | range:[5086433 "PushEvent",5086433 "PushEvent"], keep order:false                                                                                                                                                                            |
+-----------------------------+----------+-----------+----------------------------------------------------------------------------------------------------------------------------------------------+----------------------------------------------------------------------------------------------------------------------------------------------------------------------------------------------------------------------------------------------+
