+----------------------------------+-----------+-----------+----------------------------------------------------------------------------------------------------------------------+------------------------------------------------------------------------------------------------------------------------------------------------------------------------------------------------------------------------+
| id                               | estRows   | task      | access object                                                                                                        | operator info                                                                                                                                                                                                          |
+----------------------------------+-----------+-----------+----------------------------------------------------------------------------------------------------------------------+------------------------------------------------------------------------------------------------------------------------------------------------------------------------------------------------------------------------+
| Sort_6                           | 1.00      | root      |                                                                                                                      | gharchive_dev.github_events.event_month                                                                                                                                                                                |
| └─Projection_8                   | 1.00      | root      |                                                                                                                      | gharchive_dev.github_events.event_month, Column#36, Column#37                                                                                                                                                          |
|   └─HashAgg_33                   | 1.00      | root      |                                                                                                                      | group by:gharchive_dev.github_events.event_month, funcs:count(Column#56)->Column#36, funcs:sum(Column#57)->Column#37, funcs:firstrow(gharchive_dev.github_events.event_month)->gharchive_dev.github_events.event_month |
|     └─IndexLookUp_34             | 1.00      | root      | partition:push_event                                                                                                 |                                                                                                                                                                                                                        |
|       ├─IndexRangeScan_23(Build) | 270830.75 | cop[tikv] | table:github_events, index:index_github_events_on_repo_id_type_push_distinct_size(repo_id, type, push_distinct_size) | range:[41986369 "PushEvent",41986369 "PushEvent"], keep order:false                                                                                                                                                    |
|       └─HashAgg_10(Probe)        | 1.00      | cop[tikv] |                                                                                                                      | group by:gharchive_dev.github_events.event_month, funcs:count(1)->Column#56, funcs:sum(coalesce(gharchive_dev.github_events.push_distinct_size, gharchive_dev.github_events.push_size, 0))->Column#57                  |
|         └─TableRowIDScan_24      | 270830.75 | cop[tikv] | table:github_events                                                                                                  | keep order:false                                                                                                                                                                                                       |
+----------------------------------+-----------+-----------+----------------------------------------------------------------------------------------------------------------------+------------------------------------------------------------------------------------------------------------------------------------------------------------------------------------------------------------------------+
