+----------------------------------+---------+-----------+------------------------------------------------------------------------------------------------------------------------------------------+----------------------------------------------------------------------------------------------------------------------------------------------------------------------------------------------------------------------------------------------------------------------------------------------------------------------------------------------------------------------------------------------------------------------------------------------------------------------------------------------------------------------------------------------------------------------------------+
| id                               | estRows | task      | access object                                                                                                                            | operator info                                                                                                                                                                                                                                                                                                                                                                                                                                                                                                                                                                    |
+----------------------------------+---------+-----------+------------------------------------------------------------------------------------------------------------------------------------------+----------------------------------------------------------------------------------------------------------------------------------------------------------------------------------------------------------------------------------------------------------------------------------------------------------------------------------------------------------------------------------------------------------------------------------------------------------------------------------------------------------------------------------------------------------------------------------+
| Sort_121                         | 1.87    | root      |                                                                                                                                          | Column#92                                                                                                                                                                                                                                                                                                                                                                                                                                                                                                                                                                        |
| └─Projection_123                 | 1.87    | root      |                                                                                                                                          | gharchive_dev.github_events.repo_id, Column#90, 2022-07->Column#98, 2022-06->Column#99, Column#91, Column#92, ifnull(Column#96, 0)->Column#100, Column#97, mul(div(cast(minus(Column#91, Column#96), decimal(20,0) BINARY), cast(Column#96, decimal(20,0) BINARY)), 100)->Column#101, minus(Column#92, Column#97)->Column#102, Column#87                                                                                                                                                                                                                                         |
|   └─Projection_124               | 1.87    | root      |                                                                                                                                          | Column#87, gharchive_dev.github_events.repo_id, Column#90, Column#91, Column#92, Column#96, Column#97                                                                                                                                                                                                                                                                                                                                                                                                                                                                            |
|     └─HashJoin_126               | 1.87    | root      |                                                                                                                                          | inner join, equal:[eq(gharchive_dev.github_events.repo_id, gharchive_dev.github_events.repo_id)]                                                                                                                                                                                                                                                                                                                                                                                                                                                                                 |
|       ├─HashJoin_127(Build)      | 1.87    | root      |                                                                                                                                          | left outer join, equal:[eq(gharchive_dev.github_events.repo_id, gharchive_dev.github_events.repo_id)]                                                                                                                                                                                                                                                                                                                                                                                                                                                                            |
|       │ ├─Selection_131(Build)   | 1.87    | root      |                                                                                                                                          | not(isnull(gharchive_dev.github_events.repo_id))                                                                                                                                                                                                                                                                                                                                                                                                                                                                                                                                 |
|       │ │ └─CTEFullScan_132      | 2.34    | root      | CTE:il2m                                                                                                                                 | data:CTE_3                                                                                                                                                                                                                                                                                                                                                                                                                                                                                                                                                                       |
|       │ └─Selection_129(Probe)   | 1.87    | root      |                                                                                                                                          | not(isnull(gharchive_dev.github_events.repo_id))                                                                                                                                                                                                                                                                                                                                                                                                                                                                                                                                 |
|       │   └─CTEFullScan_130      | 2.34    | root      | CTE:ilm                                                                                                                                  | data:CTE_2                                                                                                                                                                                                                                                                                                                                                                                                                                                                                                                                                                       |
|       └─Selection_133(Probe)     | 95.10   | root      |                                                                                                                                          | not(isnull(gharchive_dev.github_events.repo_id))                                                                                                                                                                                                                                                                                                                                                                                                                                                                                                                                 |
|         └─CTEFullScan_134        | 118.88  | root      | CTE:igr                                                                                                                                  | data:CTE_0                                                                                                                                                                                                                                                                                                                                                                                                                                                                                                                                                                       |
| CTE_3                            | 2.34    | root      |                                                                                                                                          | Non-Recursive CTE                                                                                                                                                                                                                                                                                                                                                                                                                                                                                                                                                                |
| └─Selection_111(Seed Part)       | 2.34    | root      |                                                                                                                                          | not(isnull(gharchive_dev.github_events.repo_id))                                                                                                                                                                                                                                                                                                                                                                                                                                                                                                                                 |
|   └─Window_112                   | 2.92    | root      |                                                                                                                                          | row_number()->Column#85 over(order by Column#83 desc rows between current row and current row)                                                                                                                                                                                                                                                                                                                                                                                                                                                                                   |
|     └─Sort_116                   | 2.92    | root      |                                                                                                                                          | Column#83:desc                                                                                                                                                                                                                                                                                                                                                                                                                                                                                                                                                                   |
|       └─Selection_114            | 2.92    | root      |                                                                                                                                          | eq(gharchive_dev.github_events.event_month, 2022-06-01 00:00:00.000000)                                                                                                                                                                                                                                                                                                                                                                                                                                                                                                          |
|         └─CTEFullScan_115        | 3.66    | root      | CTE:sgn                                                                                                                                  | data:CTE_1                                                                                                                                                                                                                                                                                                                                                                                                                                                                                                                                                                       |
| CTE_2                            | 2.34    | root      |                                                                                                                                          | Non-Recursive CTE                                                                                                                                                                                                                                                                                                                                                                                                                                                                                                                                                                |
| └─Selection_102(Seed Part)       | 2.34    | root      |                                                                                                                                          | not(isnull(gharchive_dev.github_events.repo_id))                                                                                                                                                                                                                                                                                                                                                                                                                                                                                                                                 |
|   └─Window_103                   | 2.92    | root      |                                                                                                                                          | row_number()->Column#79 over(order by Column#77 desc rows between current row and current row)                                                                                                                                                                                                                                                                                                                                                                                                                                                                                   |
|     └─Sort_107                   | 2.92    | root      |                                                                                                                                          | Column#77:desc                                                                                                                                                                                                                                                                                                                                                                                                                                                                                                                                                                   |
|       └─Selection_105            | 2.92    | root      |                                                                                                                                          | eq(gharchive_dev.github_events.event_month, 2022-07-01 00:00:00.000000)                                                                                                                                                                                                                                                                                                                                                                                                                                                                                                          |
|         └─CTEFullScan_106        | 3.66    | root      | CTE:sgn                                                                                                                                  | data:CTE_1                                                                                                                                                                                                                                                                                                                                                                                                                                                                                                                                                                       |
| CTE_0                            | 118.88  | root      |                                                                                                                                          | Non-Recursive CTE                                                                                                                                                                                                                                                                                                                                                                                                                                                                                                                                                                |
| └─Projection_33(Seed Part)       | 118.88  | root      |                                                                                                                                          | gharchive_dev.github_events.repo_id, Column#36                                                                                                                                                                                                                                                                                                                                                                                                                                                                                                                                   |
|   └─HashAgg_34                   | 118.88  | root      |                                                                                                                                          | group by:gharchive_dev.github_events.repo_id, funcs:count(distinct gharchive_dev.github_events.number)->Column#36, funcs:firstrow(gharchive_dev.github_events.repo_id)->gharchive_dev.github_events.repo_id                                                                                                                                                                                                                                                                                                                                                                      |
|     └─IndexReader_47             | 2667.52 | root      | partition:issues_event                                                                                                                   | index:Selection_46                                                                                                                                                                                                                                                                                                                                                                                                                                                                                                                                                               |
|       └─Selection_46             | 2667.52 | cop[tikv] |                                                                                                                                          | not(isnull(gharchive_dev.github_events.repo_id))                                                                                                                                                                                                                                                                                                                                                                                                                                                                                                                                 |
|         └─IndexRangeScan_45      | 2667.52 | cop[tikv] | table:github_events, index:index_github_events_on_repo_id_type_action_number_created_at(repo_id, type, action, number, created_at)       | range:[16563587 "IssuesEvent" "opened",16563587 "IssuesEvent" "opened"], [41986369 "IssuesEvent" "opened",41986369 "IssuesEvent" "opened"], [105944401 "IssuesEvent" "opened",105944401 "IssuesEvent" "opened"], keep order:false                                                                                                                                                                                                                                                                                                                                                |
| CTE_1                            | 3.66    | root      |                                                                                                                                          | Non-Recursive CTE                                                                                                                                                                                                                                                                                                                                                                                                                                                                                                                                                                |
| └─Projection_69(Seed Part)       | 3.66    | root      |                                                                                                                                          | gharchive_dev.github_events.event_month, gharchive_dev.github_events.repo_id, any_value(gharchive_dev.github_events.repo_name)->Column#73, Column#72                                                                                                                                                                                                                                                                                                                                                                                                                             |
|   └─HashAgg_70                   | 3.66    | root      |                                                                                                                                          | group by:gharchive_dev.github_events.event_month, gharchive_dev.github_events.repo_id, funcs:count(distinct gharchive_dev.github_events.number)->Column#72, funcs:firstrow(gharchive_dev.github_events.repo_id)->gharchive_dev.github_events.repo_id, funcs:firstrow(gharchive_dev.github_events.repo_name)->gharchive_dev.github_events.repo_name, funcs:firstrow(gharchive_dev.github_events.event_month)->gharchive_dev.github_events.event_month                                                                                                                             |
|     └─IndexLookUp_82             | 82.03   | root      | partition:issues_event                                                                                                                   |                                                                                                                                                                                                                                                                                                                                                                                                                                                                                                                                                                                  |
|       ├─IndexRangeScan_80(Build) | 82.03   | cop[tikv] | table:github_events, index:index_github_events_on_repo_id_type_action_month_actor_login(repo_id, type, action, event_month, actor_login) | range:[16563587 "IssuesEvent" "opened" 2022-06-01,16563587 "IssuesEvent" "opened" 2022-06-01], [16563587 "IssuesEvent" "opened" 2022-07-01,16563587 "IssuesEvent" "opened" 2022-07-01], [41986369 "IssuesEvent" "opened" 2022-06-01,41986369 "IssuesEvent" "opened" 2022-06-01], [41986369 "IssuesEvent" "opened" 2022-07-01,41986369 "IssuesEvent" "opened" 2022-07-01], [105944401 "IssuesEvent" "opened" 2022-06-01,105944401 "IssuesEvent" "opened" 2022-06-01], [105944401 "IssuesEvent" "opened" 2022-07-01,105944401 "IssuesEvent" "opened" 2022-07-01], keep order:false |
|       └─TableRowIDScan_81(Probe) | 82.03   | cop[tikv] | table:github_events                                                                                                                      | keep order:false                                                                                                                                                                                                                                                                                                                                                                                                                                                                                                                                                                 |
+----------------------------------+---------+-----------+------------------------------------------------------------------------------------------------------------------------------------------+----------------------------------------------------------------------------------------------------------------------------------------------------------------------------------------------------------------------------------------------------------------------------------------------------------------------------------------------------------------------------------------------------------------------------------------------------------------------------------------------------------------------------------------------------------------------------------+
