+-----------------+---------+------+---------------+------------------------------------------------------------------------+
| id              | estRows | task | access object | operator info                                                          |
+-----------------+---------+------+---------------+------------------------------------------------------------------------+
| Projection_145  | 1.00    | root |               | 24318->Column#181, 859->Column#220, 43249->Column#288, 367->Column#327 |
| └─TableDual_146 | 1.00    | root |               | rows:1                                                                 |
+-----------------+---------+------+---------------+------------------------------------------------------------------------+
