+----------------------------------------+---------------+--------------+----------------------+-----------------------------------------------------------------------------------------------------------------------------------------------------------------------------------------------------------------------------------------------------------------------------------------------------------------------------+
| id                                     | estRows       | task         | access object        | operator info                                                                                                                                                                                                                                                                                                               |
+----------------------------------------+---------------+--------------+----------------------+-----------------------------------------------------------------------------------------------------------------------------------------------------------------------------------------------------------------------------------------------------------------------------------------------------------------------------+
| Projection_8                           | 20.00         | root         |                      | gharchive_dev.github_events.actor_id, any_value(gharchive_dev.github_events.actor_login)->Column#37, Column#36                                                                                                                                                                                                              |
| └─TopN_12                              | 20.00         | root         |                      | Column#36:desc, offset:0, count:20                                                                                                                                                                                                                                                                                          |
|   └─TableReader_80                     | 20.00         | root         | partition:push_event | data:ExchangeSender_79                                                                                                                                                                                                                                                                                                      |
|     └─ExchangeSender_79                | 20.00         | mpp[tiflash] |                      | ExchangeType: PassThrough                                                                                                                                                                                                                                                                                                   |
|       └─TopN_78                        | 20.00         | mpp[tiflash] |                      | Column#36:desc, offset:0, count:20                                                                                                                                                                                                                                                                                          |
|         └─Projection_74                | 2640190.52    | mpp[tiflash] |                      | Column#36, gharchive_dev.github_events.actor_id, gharchive_dev.github_events.actor_login                                                                                                                                                                                                                                    |
|           └─HashAgg_75                 | 2640190.52    | mpp[tiflash] |                      | group by:gharchive_dev.github_events.actor_id, funcs:sum(Column#63)->Column#36, funcs:firstrow(gharchive_dev.github_events.actor_id)->gharchive_dev.github_events.actor_id, funcs:firstrow(Column#65)->gharchive_dev.github_events.actor_login                                                                              |
|             └─ExchangeReceiver_77      | 2640190.52    | mpp[tiflash] |                      |                                                                                                                                                                                                                                                                                                                             |
|               └─ExchangeSender_76      | 2640190.52    | mpp[tiflash] |                      | ExchangeType: HashPartition, Hash Cols: [name: gharchive_dev.github_events.actor_id, collate: binary]                                                                                                                                                                                                                       |
|                 └─HashAgg_72           | 2640190.52    | mpp[tiflash] |                      | group by:gharchive_dev.github_events.actor_id, funcs:count(1)->Column#63, funcs:firstrow(gharchive_dev.github_events.actor_login)->Column#65                                                                                                                                                                                |
|                   └─Selection_57       | 275511486.92  | mpp[tiflash] |                      | eq(gharchive_dev.github_events.event_year, 2022), eq(gharchive_dev.github_events.type, "PushEvent"), not(in(gharchive_dev.github_events.actor_login, "fqnssg3847", "gzwqvg3179", "znyt")), not(like(gharchive_dev.github_events.actor_login, "%[bot]", 92)), not(like(gharchive_dev.github_events.actor_login, "%bot", 92)) |
|                     └─TableFullScan_56 | 4944819286.00 | mpp[tiflash] | table:ge             | keep order:false, PartitionTableScan:true                                                                                                                                                                                                                                                                                   |
+----------------------------------------+---------------+--------------+----------------------+-----------------------------------------------------------------------------------------------------------------------------------------------------------------------------------------------------------------------------------------------------------------------------------------------------------------------------+
