+----------------------------------+---------+-----------+------------------------------------------------------------------------------------------------------------------------------------------+----------------------------------------------------------------------------------------------------------------------------------------------------------------------------------------------------------------------+
| id                               | estRows | task      | access object                                                                                                                            | operator info                                                                                                                                                                                                        |
+----------------------------------+---------+-----------+------------------------------------------------------------------------------------------------------------------------------------------+----------------------------------------------------------------------------------------------------------------------------------------------------------------------------------------------------------------------+
| Sort_6                           | 1.00    | root      |                                                                                                                                          | gharchive_dev.github_events.event_month                                                                                                                                                                              |
| └─Projection_8                   | 1.00    | root      |                                                                                                                                          | gharchive_dev.github_events.event_month, Column#36, Column#37, minus(Column#36, Column#37)->Column#38, plus(Column#36, Column#37)->Column#39                                                                         |
|   └─HashAgg_32                   | 1.00    | root      |                                                                                                                                          | group by:gharchive_dev.github_events.event_month, funcs:sum(Column#54)->Column#36, funcs:sum(Column#55)->Column#37, funcs:firstrow(gharchive_dev.github_events.event_month)->gharchive_dev.github_events.event_month |
|     └─IndexLookUp_33             | 1.00    | root      | partition:pull_request_event                                                                                                             |                                                                                                                                                                                                                      |
|       ├─IndexRangeScan_23(Build) | 492.87  | cop[tikv] | table:github_events, index:index_github_events_on_repo_id_type_action_month_actor_login(repo_id, type, action, event_month, actor_login) | range:[41986369 "PullRequestEvent" "closed",41986369 "PullRequestEvent" "closed"], keep order:false                                                                                                                  |
|       └─HashAgg_10(Probe)        | 1.00    | cop[tikv] |                                                                                                                                          | group by:gharchive_dev.github_events.event_month, funcs:sum(gharchive_dev.github_events.additions)->Column#54, funcs:sum(gharchive_dev.github_events.deletions)->Column#55                                           |
|         └─Selection_25           | 39.01   | cop[tikv] |                                                                                                                                          | eq(gharchive_dev.github_events.pr_merged, 1)                                                                                                                                                                         |
|           └─TableRowIDScan_24    | 492.87  | cop[tikv] | table:github_events                                                                                                                      | keep order:false                                                                                                                                                                                                     |
+----------------------------------+---------+-----------+------------------------------------------------------------------------------------------------------------------------------------------+----------------------------------------------------------------------------------------------------------------------------------------------------------------------------------------------------------------------+
