+--------------------------------------+---------+-----------+----------------------------------------------------------------------------------------------------------------------------------------------+-------------------------------------------------------------------------------------------------------------------------------------------------------------------------------------------------------------------------------------------------------------------------------------------------------------------------------------------------------------------------------------------------------------------------------------------------------------------------------------------------------------+
| id                                   | estRows | task      | access object                                                                                                                                | operator info                                                                                                                                                                                                                                                                                                                                                                                                                                                                                               |
+--------------------------------------+---------+-----------+----------------------------------------------------------------------------------------------------------------------------------------------+-------------------------------------------------------------------------------------------------------------------------------------------------------------------------------------------------------------------------------------------------------------------------------------------------------------------------------------------------------------------------------------------------------------------------------------------------------------------------------------------------------------+
| Sort_31                              | 1.00    | root      |                                                                                                                                              | gharchive_dev.github_events.repo_id, Column#45                                                                                                                                                                                                                                                                                                                                                                                                                                                              |
| └─Projection_33                      | 1.00    | root      |                                                                                                                                              | gharchive_dev.github_events.repo_id, Column#43, case(eq(gharchive_dev.github_events.type, IssuesEvent), issues, eq(gharchive_dev.github_events.type, IssueCommentEvent), issue_comments, eq(gharchive_dev.github_events.type, PullRequestEvent), pull_requests, eq(gharchive_dev.github_events.type, PullRequestReviewEvent), reviews, eq(gharchive_dev.github_events.type, PullRequestReviewCommentEvent), review_comments, eq(gharchive_dev.github_events.type, PushEvent), pushes)->Column#45, Column#44 |
|   └─HashAgg_34                       | 1.00    | root      |                                                                                                                                              | group by:gharchive_dev.github_events.repo_id, gharchive_dev.github_events.type, funcs:count(1)->Column#44, funcs:firstrow(gharchive_dev.github_events.type)->gharchive_dev.github_events.type, funcs:firstrow(gharchive_dev.github_events.repo_id)->gharchive_dev.github_events.repo_id, funcs:firstrow(Column#43)->Column#43                                                                                                                                                                               |
|     └─CTEFullScan_35                 | 6.72    | root      | CTE:c                                                                                                                                        | data:CTE_0                                                                                                                                                                                                                                                                                                                                                                                                                                                                                                  |
| CTE_0                                | 6.72    | root      |                                                                                                                                              | Non-Recursive CTE                                                                                                                                                                                                                                                                                                                                                                                                                                                                                           |
| └─Projection_13(Seed Part)           | 6.72    | root      |                                                                                                                                              | gharchive_dev.github_events.type, gharchive_dev.github_events.repo_id, Column#37                                                                                                                                                                                                                                                                                                                                                                                                                            |
|   └─Shuffle_30                       | 6.72    | root      |                                                                                                                                              | execution info: concurrency:5, data sources:[IndexLookUp_28]                                                                                                                                                                                                                                                                                                                                                                                                                                                |
|     └─Window_14                      | 6.72    | root      |                                                                                                                                              | first_value(gharchive_dev.github_events.repo_name)->Column#37 over(partition by gharchive_dev.github_events.repo_id order by gharchive_dev.github_events.created_at desc range between unbounded preceding and current row)                                                                                                                                                                                                                                                                                 |
|       └─Sort_29                      | 630.73  | root      |                                                                                                                                              | gharchive_dev.github_events.repo_id, gharchive_dev.github_events.created_at:desc                                                                                                                                                                                                                                                                                                                                                                                                                            |
|         └─IndexLookUp_28             | 630.73  | root      | partition:push_event,pull_request_event,issue_comment_event,issues_event,pull_request_review_comment_event,pull_request_review_event         |                                                                                                                                                                                                                                                                                                                                                                                                                                                                                                             |
|           ├─Selection_27(Build)      | 630.73  | cop[tikv] |                                                                                                                                              | ge(gharchive_dev.github_events.created_at, 2021-08-29 04:04:52), le(gharchive_dev.github_events.created_at, 2022-08-29 04:04:52)                                                                                                                                                                                                                                                                                                                                                                            |
|           │ └─IndexRangeScan_25      | 2966.89 | cop[tikv] | table:ge, index:index_ge_on_actor_id_type_action_repo_id_created_at_commits(actor_id, type, action, repo_id, created_at, push_distinct_size) | range:[5086433 "IssueCommentEvent" "created",5086433 "IssueCommentEvent" "created"], [5086433 "IssuesEvent" "opened",5086433 "IssuesEvent" "opened"], [5086433 "PullRequestEvent" "opened",5086433 "PullRequestEvent" "opened"], [5086433 "PullRequestReviewCommentEvent" "created",5086433 "PullRequestReviewCommentEvent" "created"], [5086433 "PullRequestReviewEvent" "created",5086433 "PullRequestReviewEvent" "created"], [5086433 "PushEvent" NULL,5086433 "PushEvent" NULL], keep order:false      |
|           └─TableRowIDScan_26(Probe) | 630.73  | cop[tikv] | table:ge                                                                                                                                     | keep order:false                                                                                                                                                                                                                                                                                                                                                                                                                                                                                            |
+--------------------------------------+---------+-----------+----------------------------------------------------------------------------------------------------------------------------------------------+-------------------------------------------------------------------------------------------------------------------------------------------------------------------------------------------------------------------------------------------------------------------------------------------------------------------------------------------------------------------------------------------------------------------------------------------------------------------------------------------------------------+
