+--------------------------------------+---------+-----------+------------------------------------------------------------------------------------------------------------------------------------+-------------------------------------------------------------------------------------------------------------------------------------------------------------------------------------------------------------------------------------------------------------------------------+
| id                                   | estRows | task      | access object                                                                                                                      | operator info                                                                                                                                                                                                                                                                 |
+--------------------------------------+---------+-----------+------------------------------------------------------------------------------------------------------------------------------------+-------------------------------------------------------------------------------------------------------------------------------------------------------------------------------------------------------------------------------------------------------------------------------+
| CTEFullScan_43                       | 2144.91 | root      | CTE:repo_month_group                                                                                                               | data:CTE_1                                                                                                                                                                                                                                                                    |
| CTE_1                                | 2144.91 | root      |                                                                                                                                    | Non-Recursive CTE                                                                                                                                                                                                                                                             |
| └─Sort_36(Seed Part)                 | 2144.91 | root      |                                                                                                                                    | gharchive_dev.github_events.event_month, Column#44                                                                                                                                                                                                                            |
|   └─Projection_38                    | 2144.91 | root      |                                                                                                                                    | gharchive_dev.github_events.event_month, Column#44, Column#46                                                                                                                                                                                                                 |
|     └─HashAgg_39                     | 2144.91 | root      |                                                                                                                                    | group by:Column#44, gharchive_dev.github_events.event_month, funcs:count(distinct gharchive_dev.github_events.actor_login)->Column#46, funcs:firstrow(gharchive_dev.github_events.event_month)->gharchive_dev.github_events.event_month, funcs:firstrow(Column#44)->Column#44 |
|       └─CTEFullScan_40               | 2144.91 | root      | CTE:prs_with_latest_repo_name                                                                                                      | data:CTE_0                                                                                                                                                                                                                                                                    |
| CTE_0                                | 2144.91 | root      |                                                                                                                                    | Non-Recursive CTE                                                                                                                                                                                                                                                             |
| └─Projection_14(Seed Part)           | 2144.91 | root      |                                                                                                                                    | gharchive_dev.github_events.event_month, gharchive_dev.github_events.repo_id, Column#37, gharchive_dev.github_events.actor_login                                                                                                                                              |
|   └─Shuffle_35                       | 2144.91 | root      |                                                                                                                                    | execution info: concurrency:5, data sources:[IndexLookUp_27]                                                                                                                                                                                                                  |
|     └─Window_15                      | 2144.91 | root      |                                                                                                                                    | first_value(gharchive_dev.github_events.repo_name)->Column#37 over(partition by gharchive_dev.github_events.repo_id order by gharchive_dev.github_events.created_at desc range between unbounded preceding and current row)                                                   |
|       └─Sort_34                      | 2681.14 | root      |                                                                                                                                    | gharchive_dev.github_events.repo_id, gharchive_dev.github_events.created_at:desc                                                                                                                                                                                              |
|         └─IndexLookUp_27             | 2681.14 | root      | partition:pull_request_event                                                                                                       |                                                                                                                                                                                                                                                                               |
|           ├─IndexRangeScan_25(Build) | 2681.14 | cop[tikv] | table:github_events, index:index_github_events_on_repo_id_type_action_number_created_at(repo_id, type, action, number, created_at) | range:[41986369 "PullRequestEvent" "opened",41986369 "PullRequestEvent" "opened"], keep order:false                                                                                                                                                                           |
|           └─TableRowIDScan_26(Probe) | 2681.14 | cop[tikv] | table:github_events                                                                                                                | keep order:false                                                                                                                                                                                                                                                              |
+--------------------------------------+---------+-----------+------------------------------------------------------------------------------------------------------------------------------------+-------------------------------------------------------------------------------------------------------------------------------------------------------------------------------------------------------------------------------------------------------------------------------+
