+-----------------------------+---------+-----------+--------------------------------------------------------------------------------------------------------------+---------------------------------------------------------------------------------------------------------------------------------------------------------------------------------------+
| id                          | estRows | task      | access object                                                                                                | operator info                                                                                                                                                                         |
+-----------------------------+---------+-----------+--------------------------------------------------------------------------------------------------------------+---------------------------------------------------------------------------------------------------------------------------------------------------------------------------------------+
| Sort_6                      | 1.00    | root      |                                                                                                              | gharchive_dev.github_events.event_month                                                                                                                                               |
| └─Projection_8              | 1.00    | root      |                                                                                                              | gharchive_dev.github_events.event_month, Column#36                                                                                                                                    |
|   └─HashAgg_20              | 1.00    | root      |                                                                                                              | group by:gharchive_dev.github_events.event_month, funcs:count(Column#37)->Column#36, funcs:firstrow(gharchive_dev.github_events.event_month)->gharchive_dev.github_events.event_month |
|     └─IndexReader_21        | 1.00    | root      | partition:watch_event                                                                                        | index:HashAgg_9                                                                                                                                                                       |
|       └─HashAgg_9           | 1.00    | cop[tikv] |                                                                                                              | group by:gharchive_dev.github_events.event_month, funcs:count(1)->Column#37                                                                                                           |
|         └─IndexRangeScan_19 | 492.87  | cop[tikv] | table:ge, index:index_github_events_on_actor_id_type_action_event_month(actor_id, type, action, event_month) | range:[5086433 "WatchEvent" "started",5086433 "WatchEvent" "started"], keep order:false                                                                                               |
+-----------------------------+---------+-----------+--------------------------------------------------------------------------------------------------------------+---------------------------------------------------------------------------------------------------------------------------------------------------------------------------------------+
