+--------------------------------------+-------------+--------------+----------------+----------------------------------------------------------------------------------------------------------------------------------------------------------------------------------------------------------------------------------------------------------------+
| id                                   | estRows     | task         | access object  | operator info                                                                                                                                                                                                                                                  |
+--------------------------------------+-------------+--------------+----------------+----------------------------------------------------------------------------------------------------------------------------------------------------------------------------------------------------------------------------------------------------------------+
| Projection_48                        | 10.00       | root         |                | trim(replace(replace(replace(replace(replace(replace(replace(replace(replace(replace(lower(Column#16), www., ), .com, ), !, ), ,, ), -, ), @, ), ., ), ltd, ), inc, ), corporation, ))->Column#19, Column#18                                                   |
| └─TopN_51                            | 10.00       | root         |                | Column#18:desc, offset:0, count:10                                                                                                                                                                                                                             |
|   └─HashAgg_56                       | 958976.00   | root         |                | group by:Column#30, funcs:sum(Column#28)->Column#18, funcs:firstrow(Column#29)->Column#16                                                                                                                                                                      |
|     └─Projection_60                  | 958976.00   | root         |                | cast(Column#17, decimal(20,0) BINARY)->Column#28, Column#16, trim(replace(replace(replace(replace(replace(replace(replace(replace(replace(replace(lower(Column#16), www., ), .com, ), !, ), ,, ), -, ), @, ), ., ), ltd, ), inc, ), corporation, ))->Column#30 |
|       └─CTEFullScan_57               | 958976.00   | root         | CTE:company_ci | data:CTE_0                                                                                                                                                                                                                                                     |
| CTE_0                                | 958976.00   | root         |                | Non-Recursive CTE                                                                                                                                                                                                                                              |
| └─Projection_12(Seed Part)           | 958976.00   | root         |                | lower(gharchive_dev.users.company)->Column#15, Column#14                                                                                                                                                                                                       |
|   └─TableReader_44                   | 958976.00   | root         |                | data:ExchangeSender_43                                                                                                                                                                                                                                         |
|     └─ExchangeSender_43              | 958976.00   | mpp[tiflash] |                | ExchangeType: PassThrough                                                                                                                                                                                                                                      |
|       └─Projection_39                | 958976.00   | mpp[tiflash] |                | Column#14, gharchive_dev.users.company                                                                                                                                                                                                                         |
|         └─HashAgg_40                 | 958976.00   | mpp[tiflash] |                | group by:gharchive_dev.users.company, funcs:sum(Column#24)->Column#14, funcs:firstrow(gharchive_dev.users.company)->gharchive_dev.users.company                                                                                                                |
|           └─ExchangeReceiver_42      | 958976.00   | mpp[tiflash] |                |                                                                                                                                                                                                                                                                |
|             └─ExchangeSender_41      | 958976.00   | mpp[tiflash] |                | ExchangeType: HashPartition, Hash Cols: [name: gharchive_dev.users.company, collate: utf8mb4_unicode_ci]                                                                                                                                                       |
|               └─HashAgg_17           | 958976.00   | mpp[tiflash] |                | group by:gharchive_dev.users.company, funcs:count(1)->Column#24                                                                                                                                                                                                |
|                 └─Selection_38       | 36671088.00 | mpp[tiflash] |                | like(lower(gharchive_dev.users.company), "%mini256%", 92)                                                                                                                                                                                                      |
|                   └─TableFullScan_37 | 45838860.00 | mpp[tiflash] | table:users    | keep order:false                                                                                                                                                                                                                                               |
+--------------------------------------+-------------+--------------+----------------+----------------------------------------------------------------------------------------------------------------------------------------------------------------------------------------------------------------------------------------------------------------+
