+------------------------------------------+---------+-----------+-------------------------------------------------------------------------------------------------------------------------------+---------------------------------------------------------------------------------------------------------------------------------------------------------------------------------------------------------------------------------+
| id                                       | estRows | task      | access object                                                                                                                 | operator info                                                                                                                                                                                                                   |
+------------------------------------------+---------+-----------+-------------------------------------------------------------------------------------------------------------------------------+---------------------------------------------------------------------------------------------------------------------------------------------------------------------------------------------------------------------------------+
| Sort_18                                  | 21.55   | root      |                                                                                                                               | Column#47:desc                                                                                                                                                                                                                  |
| └─Projection_20                          | 21.55   | root      |                                                                                                                               | gharchive_dev.collection_items.repo_name, Column#47                                                                                                                                                                             |
|   └─HashAgg_21                           | 21.55   | root      |                                                                                                                               | group by:gharchive_dev.collection_items.repo_name, funcs:count(distinct gharchive_dev.github_events.actor_login)->Column#47, funcs:firstrow(gharchive_dev.collection_items.repo_name)->gharchive_dev.collection_items.repo_name |
|     └─HashJoin_22                        | 430.82  | root      |                                                                                                                               | CARTESIAN anti semi join, other cond:eq(gharchive_dev.github_events.actor_login, gharchive_dev.blacklist_users.login)                                                                                                           |
|       ├─IndexReader_64(Build)            | 1.00    | root      |                                                                                                                               | index:IndexFullScan_63                                                                                                                                                                                                          |
|       │ └─IndexFullScan_63               | 1.00    | cop[tikv] | table:blacklist_users, index:blacklist_users_login_uindex(login)                                                              | keep order:false                                                                                                                                                                                                                |
|       └─Projection_23(Probe)             | 538.52  | root      |                                                                                                                               | gharchive_dev.github_events.actor_login, gharchive_dev.collection_items.repo_name                                                                                                                                               |
|         └─HashJoin_25                    | 538.52  | root      |                                                                                                                               | CARTESIAN inner join                                                                                                                                                                                                            |
|           ├─Point_Get_26(Build)          | 1.00    | root      | table:collections                                                                                                             | handle:10005                                                                                                                                                                                                                    |
|           └─IndexJoin_31(Probe)          | 538.52  | root      |                                                                                                                               | inner join, inner:IndexReader_30, outer key:gharchive_dev.collection_items.repo_id, inner key:gharchive_dev.github_events.repo_id, equal cond:eq(gharchive_dev.collection_items.repo_id, gharchive_dev.github_events.repo_id)   |
|             ├─IndexLookUp_52(Build)      | 30.00   | root      |                                                                                                                               |                                                                                                                                                                                                                                 |
|             │ ├─IndexRangeScan_50(Build) | 30.00   | cop[tikv] | table:ci, index:index_collection_items_on_collection_id(collection_id)                                                        | range:[10005,10005], keep order:false                                                                                                                                                                                           |
|             │ └─TableRowIDScan_51(Probe) | 30.00   | cop[tikv] | table:ci                                                                                                                      | keep order:false                                                                                                                                                                                                                |
|             └─IndexReader_30(Probe)      | 17.95   | root      | partition:issues_event                                                                                                        | index:Selection_29                                                                                                                                                                                                              |
|               └─Selection_29             | 17.95   | cop[tikv] |                                                                                                                               | not(isnull(gharchive_dev.github_events.repo_id)), not(like(gharchive_dev.github_events.actor_login, "%bot%", 92))                                                                                                               |
|                 └─IndexRangeScan_28      | 22.44   | cop[tikv] | table:ge, index:index_github_events_on_repo_id_type_action_month_actor_login(repo_id, type, action, event_month, actor_login) | range: decided by [eq(gharchive_dev.github_events.repo_id, gharchive_dev.collection_items.repo_id) eq(gharchive_dev.github_events.type, IssuesEvent) eq(gharchive_dev.github_events.action, opened)], keep order:false          |
+------------------------------------------+---------+-----------+-------------------------------------------------------------------------------------------------------------------------------+---------------------------------------------------------------------------------------------------------------------------------------------------------------------------------------------------------------------------------+
