+-----------------------------+----------+-----------+------------------------------------------------------------------------------------------------------------------------------------------------------+------------------------------------------------------------------------------------------------------------------------------------------------------------------------------------------------------------------------------+
| id                          | estRows  | task      | access object                                                                                                                                        | operator info                                                                                                                                                                                                                |
+-----------------------------+----------+-----------+------------------------------------------------------------------------------------------------------------------------------------------------------+------------------------------------------------------------------------------------------------------------------------------------------------------------------------------------------------------------------------------+
| Sort_6                      | 2175.66  | root      |                                                                                                                                                      | Column#37, Column#38                                                                                                                                                                                                         |
| └─Projection_8              | 2175.66  | root      |                                                                                                                                                      | minus(dayofweek(gharchive_dev.github_events.created_at), 1)->Column#37, hour(cast(gharchive_dev.github_events.created_at, time))->Column#38, Column#36                                                                       |
|   └─HashAgg_15              | 2175.66  | root      |                                                                                                                                                      | group by:Column#43, Column#44, funcs:count(Column#45)->Column#36, funcs:firstrow(Column#46)->gharchive_dev.github_events.created_at                                                                                          |
|     └─IndexReader_16        | 2175.66  | root      | partition:push_event                                                                                                                                 | index:HashAgg_9                                                                                                                                                                                                              |
|       └─HashAgg_9           | 2175.66  | cop[tikv] |                                                                                                                                                      | group by:hour(cast(gharchive_dev.github_events.created_at, time)), minus(dayofweek(gharchive_dev.github_events.created_at), 1), funcs:count(1)->Column#45, funcs:firstrow(gharchive_dev.github_events.created_at)->Column#46 |
|         └─IndexRangeScan_14 | 41966.92 | cop[tikv] | table:github_events, index:index_ge_on_repo_id_type_action_created_at_pdsize_psize(repo_id, type, action, created_at, push_distinct_size, push_size) | range:[41986369 "PushEvent" NULL 2021-08-29 00:00:00,41986369 "PushEvent" NULL 2022-08-29 00:00:00], keep order:false                                                                                                        |
+-----------------------------+----------+-----------+------------------------------------------------------------------------------------------------------------------------------------------------------+------------------------------------------------------------------------------------------------------------------------------------------------------------------------------------------------------------------------------+
