+---------------------------+----------+-----------+------------------------------------------------------------------------------------------------------------------------------------------+--------------------------------------------------------------------------------------------------------------------------------------------------------------------------------------------------------------------------+
| id                        | estRows  | task      | access object                                                                                                                            | operator info                                                                                                                                                                                                            |
+---------------------------+----------+-----------+------------------------------------------------------------------------------------------------------------------------------------------+--------------------------------------------------------------------------------------------------------------------------------------------------------------------------------------------------------------------------+
| StreamAgg_16              | 1.00     | root      |                                                                                                                                          | funcs:count(gharchive_dev.github_events.actor_login)->Column#50                                                                                                                                                          |
| └─Selection_17            | 0.80     | root      |                                                                                                                                          | gt(Column#49, 1)                                                                                                                                                                                                         |
|   └─HashAgg_18            | 1.00     | root      |                                                                                                                                          | group by:gharchive_dev.github_events.actor_login, funcs:count(distinct gharchive_dev.github_events.repo_id)->Column#49, funcs:firstrow(gharchive_dev.github_events.actor_login)->gharchive_dev.github_events.actor_login |
|     └─IndexReader_27      | 98896.39 | root      | partition:watch_event                                                                                                                    | index:IndexRangeScan_26                                                                                                                                                                                                  |
|       └─IndexRangeScan_26 | 98896.39 | cop[tikv] | table:github_events, index:index_github_events_on_repo_id_type_action_month_actor_login(repo_id, type, action, event_month, actor_login) | range:[156018 "WatchEvent",156018 "WatchEvent"], [48833910 "WatchEvent",48833910 "WatchEvent"], keep order:false                                                                                                         |
+---------------------------+----------+-----------+------------------------------------------------------------------------------------------------------------------------------------------+--------------------------------------------------------------------------------------------------------------------------------------------------------------------------------------------------------------------------+
