+--------------------------------------+---------------+--------------+------------------------------+-------------------------------------------------------------------------------------------------------------------------------------------------------------------------------+
| id                                   | estRows       | task         | access object                | operator info                                                                                                                                                                 |
+--------------------------------------+---------------+--------------+------------------------------+-------------------------------------------------------------------------------------------------------------------------------------------------------------------------------+
| Sort_6                               | 34.61         | root         |                              | gharchive_dev.github_events.event_day                                                                                                                                         |
| └─Projection_8                       | 34.61         | root         |                              | gharchive_dev.github_events.event_day, Column#36                                                                                                                              |
|   └─TableReader_41                   | 34.61         | root         | partition:pull_request_event | data:ExchangeSender_40                                                                                                                                                        |
|     └─ExchangeSender_40              | 34.61         | mpp[tiflash] |                              | ExchangeType: PassThrough                                                                                                                                                     |
|       └─Projection_36                | 34.61         | mpp[tiflash] |                              | Column#36, gharchive_dev.github_events.event_day                                                                                                                              |
|         └─HashAgg_37                 | 34.61         | mpp[tiflash] |                              | group by:gharchive_dev.github_events.event_day, funcs:sum(Column#39)->Column#36, funcs:firstrow(gharchive_dev.github_events.event_day)->gharchive_dev.github_events.event_day |
|           └─ExchangeReceiver_39      | 34.61         | mpp[tiflash] |                              |                                                                                                                                                                               |
|             └─ExchangeSender_38      | 34.61         | mpp[tiflash] |                              | ExchangeType: HashPartition, Hash Cols: [name: gharchive_dev.github_events.event_day, collate: binary]                                                                        |
|               └─HashAgg_13           | 34.61         | mpp[tiflash] |                              | group by:gharchive_dev.github_events.event_day, funcs:count(1)->Column#39                                                                                                     |
|                 └─Selection_35       | 53583069.66   | mpp[tiflash] |                              | eq(gharchive_dev.github_events.event_year, 2022), eq(gharchive_dev.github_events.type, "PullRequestEvent")                                                                    |
|                   └─TableFullScan_34 | 4945099302.00 | mpp[tiflash] | table:ge                     | keep order:false, PartitionTableScan:true                                                                                                                                     |
+--------------------------------------+---------------+--------------+------------------------------+-------------------------------------------------------------------------------------------------------------------------------------------------------------------------------+
