+-----------------------------+---------+-----------+--------------------------------------------------------------------------+----------------------------------------------------------------------------------------------------------------------------------------------------------------------------------------------------------------------------------------------------------------------------------------------+
| id                          | estRows | task      | access object                                                            | operator info                                                                                                                                                                                                                                                                                |
+-----------------------------+---------+-----------+--------------------------------------------------------------------------+----------------------------------------------------------------------------------------------------------------------------------------------------------------------------------------------------------------------------------------------------------------------------------------------+
| Sort_6                      | 31.78   | root      |                                                                          | Column#38                                                                                                                                                                                                                                                                                    |
| └─Projection_8              | 31.78   | root      |                                                                          | Column#36, Column#37, unix_timestamp(Column#37)->Column#38                                                                                                                                                                                                                                   |
|   └─HashAgg_9               | 31.78   | root      |                                                                          | group by:Column#47, funcs:count(1)->Column#36, funcs:max(Column#46)->Column#37                                                                                                                                                                                                               |
|     └─Projection_34         | 490.45  | root      |                                                                          | gharchive_dev.github_events.created_at, minus(minus(cast(unix_timestamp(gharchive_dev.github_events.created_at), decimal(20,0) BINARY), 1661310890.000000), mod(minus(cast(unix_timestamp(gharchive_dev.github_events.created_at), decimal(20,0) BINARY), 1661310950.000000), 5))->Column#47 |
|       └─IndexReader_17      | 490.45  | root      | partition:all                                                            | index:IndexRangeScan_16                                                                                                                                                                                                                                                                      |
|         └─IndexRangeScan_16 | 490.45  | cop[tikv] | table:github_events, index:index_github_events_on_created_at(created_at) | range:[2022-08-24 03:14:50,2022-08-24 03:15:50], keep order:false                                                                                                                                                                                                                            |
+-----------------------------+---------+-----------+--------------------------------------------------------------------------+----------------------------------------------------------------------------------------------------------------------------------------------------------------------------------------------------------------------------------------------------------------------------------------------+
