+----------------------------------+---------+-----------+--------------------------------------------------------------------------------------------------------------+----------------------------------------------------------------------------------------------------------------------------------------------------------------------+
| id                               | estRows | task      | access object                                                                                                | operator info                                                                                                                                                        |
+----------------------------------+---------+-----------+--------------------------------------------------------------------------------------------------------------+----------------------------------------------------------------------------------------------------------------------------------------------------------------------+
| Sort_68                          | 1.00    | root      |                                                                                                              | Column#41:desc                                                                                                                                                       |
| └─Projection_70                  | 1.00    | root      |                                                                                                              | gharchive_dev.github_events.language, Column#41, div(cast(Column#41, decimal(20,0) BINARY), Column#42)->Column#43                                                    |
|   └─HashJoin_71                  | 1.00    | root      |                                                                                                              | CARTESIAN inner join                                                                                                                                                 |
|     ├─CTEFullScan_74(Build)      | 1.00    | root      | CTE:s                                                                                                        | data:CTE_1                                                                                                                                                           |
|     └─CTEFullScan_73(Probe)      | 1.00    | root      | CTE:prs_with_language                                                                                        | data:CTE_0                                                                                                                                                           |
| CTE_1                            | 1.00    | root      |                                                                                                              | Non-Recursive CTE                                                                                                                                                    |
| └─StreamAgg_63(Seed Part)        | 1.00    | root      |                                                                                                              | funcs:sum(Column#56)->Column#39                                                                                                                                      |
|   └─Projection_66                | 1.00    | root      |                                                                                                              | cast(Column#38, decimal(20,0) BINARY)->Column#56                                                                                                                     |
|     └─CTEFullScan_65             | 1.00    | root      | CTE:prs_with_language                                                                                        | data:CTE_0                                                                                                                                                           |
| CTE_0                            | 1.00    | root      |                                                                                                              | Non-Recursive CTE                                                                                                                                                    |
| └─Projection_14(Seed Part)       | 1.00    | root      |                                                                                                              | gharchive_dev.github_events.language, Column#36                                                                                                                      |
|   └─HashAgg_17                   | 1.00    | root      |                                                                                                              | group by:gharchive_dev.github_events.language, funcs:count(1)->Column#36, funcs:firstrow(gharchive_dev.github_events.language)->gharchive_dev.github_events.language |
|     └─IndexLookUp_41             | 0.04    | root      | partition:pull_request_event                                                                                 |                                                                                                                                                                      |
|       ├─IndexRangeScan_38(Build) | 492.87  | cop[tikv] | table:ge, index:index_github_events_on_actor_id_type_action_event_month(actor_id, type, action, event_month) | range:[5086433 "PullRequestEvent" "opened",5086433 "PullRequestEvent" "opened"], keep order:false                                                                    |
|       └─Selection_40(Probe)      | 0.04    | cop[tikv] |                                                                                                              | not(isnull(gharchive_dev.github_events.language))                                                                                                                    |
|         └─TableRowIDScan_39      | 492.87  | cop[tikv] | table:ge                                                                                                     | keep order:false                                                                                                                                                     |
+----------------------------------+---------+-----------+--------------------------------------------------------------------------------------------------------------+----------------------------------------------------------------------------------------------------------------------------------------------------------------------+
