+-------------------------------+----------+-----------+------------------------------------------------------------------------------------------------------------------------------------------+--------------------------------------------------------------------------------------------------------------------------------------------------------------------+
| id                            | estRows  | task      | access object                                                                                                                            | operator info                                                                                                                                                      |
+-------------------------------+----------+-----------+------------------------------------------------------------------------------------------------------------------------------------------+--------------------------------------------------------------------------------------------------------------------------------------------------------------------+
| Projection_42                 | 22329.64 | root      |                                                                                                                                          | gharchive_dev.github_events.event_month, gharchive_dev.github_events.repo_id, Column#39                                                                            |
| └─Selection_40                | 22329.64 | root      |                                                                                                                                          | eq(Column#38, 1)                                                                                                                                                   |
|   └─Window_41                 | 27912.05 | root      |                                                                                                                                          | count(gharchive_dev.github_events.actor_login)->Column#39 over(order by gharchive_dev.github_events.event_month range between unbounded preceding and current row) |
|     └─Window_22               | 27912.05 | root      |                                                                                                                                          | row_number()->Column#38 over(partition by gharchive_dev.github_events.event_month rows between current row and current row)                                        |
|       └─Sort_30               | 49448.19 | root      |                                                                                                                                          | gharchive_dev.github_events.event_month                                                                                                                            |
|         └─IndexReader_29      | 49448.19 | root      | partition:watch_event                                                                                                                    | index:IndexRangeScan_28                                                                                                                                            |
|           └─IndexRangeScan_28 | 49448.19 | cop[tikv] | table:github_events, index:index_github_events_on_repo_id_type_action_month_actor_login(repo_id, type, action, event_month, actor_login) | range:[41986369 "WatchEvent",41986369 "WatchEvent"], keep order:false                                                                                              |
+-------------------------------+----------+-----------+------------------------------------------------------------------------------------------------------------------------------------------+--------------------------------------------------------------------------------------------------------------------------------------------------------------------+
