+----------------------------------------+-------------+-----------+---------------------------------------------------------------+----------------------------------------------------------------------------------------------------------------------------------------------------------------------------------------------------------------------------------------------------------------------------------------------------------------------------------------------------------------------------------------------------------------------------------------------------------------------------------------------------------------------+
| id                                     | estRows     | task      | access object                                                 | operator info                                                                                                                                                                                                                                                                                                                                                                                                                                                                                                        |
+----------------------------------------+-------------+-----------+---------------------------------------------------------------+----------------------------------------------------------------------------------------------------------------------------------------------------------------------------------------------------------------------------------------------------------------------------------------------------------------------------------------------------------------------------------------------------------------------------------------------------------------------------------------------------------------------+
| Projection_14                          | 5.00        | root      |                                                               | gharchive_dev.github_events.repo_id, gharchive_dev.github_events.repo_name, plus(plus(Column#79, Column#80), Column#81)->Column#82, Column#79, Column#80, Column#81                                                                                                                                                                                                                                                                                                                                                  |
| └─Projection_62                        | 5.00        | root      |                                                               | Column#79, Column#80, Column#81, gharchive_dev.github_events.repo_id, gharchive_dev.github_events.repo_name                                                                                                                                                                                                                                                                                                                                                                                                          |
|   └─TopN_17                            | 5.00        | root      |                                                               | Column#107:desc, offset:0, count:5                                                                                                                                                                                                                                                                                                                                                                                                                                                                                   |
|     └─Projection_63                    | 8359.00     | root      |                                                               | Column#79, Column#80, Column#81, gharchive_dev.github_events.repo_id, gharchive_dev.github_events.repo_name, plus(plus(Column#79, Column#80), Column#81)->Column#107                                                                                                                                                                                                                                                                                                                                                 |
|       └─HashAgg_19                     | 8359.00     | root      |                                                               | group by:Column#105, Column#106, funcs:count(distinct Column#100)->Column#79, funcs:count(distinct Column#101)->Column#80, funcs:count(distinct Column#102)->Column#81, funcs:firstrow(Column#103)->gharchive_dev.github_events.repo_id, funcs:firstrow(Column#104)->gharchive_dev.github_events.repo_name                                                                                                                                                                                                           |
|         └─Projection_61                | 150374.04   | root      |                                                               | case(eq(gharchive_dev.github_events.action, opened), gharchive_dev.github_events.pr_or_issue_id, <nil>)->Column#100, case(and(eq(gharchive_dev.github_events.action, closed), eq(gharchive_dev.github_events.pr_merged, 0)), gharchive_dev.github_events.pr_or_issue_id, <nil>)->Column#101, case(and(eq(gharchive_dev.github_events.action, closed), eq(gharchive_dev.github_events.pr_merged, 1)), gharchive_dev.github_events.pr_or_issue_id, <nil>)->Column#102, gharchive_dev.github_events.repo_id, gharchi... |
|           └─IndexLookUp_32             | 150374.04   | root      | partition:pull_request_event                                  |                                                                                                                                                                                                                                                                                                                                                                                                                                                                                                                      |
|             ├─IndexRangeScan_29(Build) | 17214634.00 | cop[tikv] | table:ge, index:index_github_events_on_created_at(created_at) | range:(2022-09-05 04:24:46,+inf], keep order:false                                                                                                                                                                                                                                                                                                                                                                                                                                                                   |
|             └─Selection_31(Probe)      | 150374.04   | cop[tikv] |                                                               | eq(gharchive_dev.github_events.type, "PullRequestEvent"), or(eq(gharchive_dev.github_events.action, "opened"), eq(gharchive_dev.github_events.action, "closed"))                                                                                                                                                                                                                                                                                                                                                     |
|               └─TableRowIDScan_30      | 17214634.00 | cop[tikv] | table:ge                                                      | keep order:false                                                                                                                                                                                                                                                                                                                                                                                                                                                                                                     |
+----------------------------------------+-------------+-----------+---------------------------------------------------------------+----------------------------------------------------------------------------------------------------------------------------------------------------------------------------------------------------------------------------------------------------------------------------------------------------------------------------------------------------------------------------------------------------------------------------------------------------------------------------------------------------------------------+