+-----------------------------+---------+-----------+---------------+-----------------------------------------------------------------------------------------------------------------------------------------------------------------------------------------------------------------------------+
| id                          | estRows | task      | access object | operator info                                                                                                                                                                                                               |
+-----------------------------+---------+-----------+---------------+-----------------------------------------------------------------------------------------------------------------------------------------------------------------------------------------------------------------------------+
| Projection_9                | 3.00    | root      |               | gharchive_dev.collections.id, any_value(gharchive_dev.collections.name)->Column#10                                                                                                                                          |
| └─HashAgg_12                | 3.00    | root      |               | group by:gharchive_dev.collections.id, funcs:firstrow(gharchive_dev.collections.id)->gharchive_dev.collections.id, funcs:firstrow(gharchive_dev.collections.name)->gharchive_dev.collections.name                           |
|   └─IndexJoin_26            | 3.00    | root      |               | inner join, inner:TableReader_23, outer key:gharchive_dev.collection_items.collection_id, inner key:gharchive_dev.collections.id, equal cond:eq(gharchive_dev.collection_items.collection_id, gharchive_dev.collections.id) |
|     ├─TableReader_67(Build) | 3.00    | root      |               | data:Selection_66                                                                                                                                                                                                           |
|     │ └─Selection_66        | 3.00    | cop[tikv] |               | eq(gharchive_dev.collection_items.repo_id, 41986369), not(isnull(gharchive_dev.collection_items.collection_id))                                                                                                             |
|     │   └─TableFullScan_65  | 1218.00 | cop[tikv] | table:ci      | keep order:false                                                                                                                                                                                                            |
|     └─TableReader_23(Probe) | 1.00    | root      |               | data:TableRangeScan_22                                                                                                                                                                                                      |
|       └─TableRangeScan_22   | 1.00    | cop[tikv] | table:c       | range: decided by [gharchive_dev.collection_items.collection_id], keep order:false                                                                                                                                          |
+-----------------------------+---------+-----------+---------------+-----------------------------------------------------------------------------------------------------------------------------------------------------------------------------------------------------------------------------+
