+---------------------------------+-------------+--------------+-------------------------------------------------------------------------------------------------------------------------------+-----------------------------------------------------------------------------------------------------------------------------------------------------------------------------------------------------------------------------------------------------+
| id                              | estRows     | task         | access object                                                                                                                 | operator info                                                                                                                                                                                                                                       |
+---------------------------------+-------------+--------------+-------------------------------------------------------------------------------------------------------------------------------+-----------------------------------------------------------------------------------------------------------------------------------------------------------------------------------------------------------------------------------------------------+
| Projection_77                   | 22330.90    | root         |                                                                                                                               | Column#51, Column#52, div(cast(Column#52, decimal(20,0) BINARY), 6258)->Column#73                                                                                                                                                                   |
| └─TopN_80                       | 22330.90    | root         |                                                                                                                               | Column#52:desc, offset:0, count:9999999999                                                                                                                                                                                                          |
|   └─Selection_85                | 22330.90    | root         |                                                                                                                               | ne(length(Column#51), 0), not(in(Column#51, "-", "none", "no", "home", "n/a", "null", "unknown"))                                                                                                                                                   |
|     └─CTEFullScan_86            | 27913.63    | root         | CTE:sub                                                                                                                       | data:CTE_0                                                                                                                                                                                                                                          |
| CTE_0                           | 27913.63    | root         |                                                                                                                               | Non-Recursive CTE                                                                                                                                                                                                                                   |
| └─Projection_17(Seed Part)      | 27913.63    | root         |                                                                                                                               | trim(replace(replace(replace(replace(replace(replace(replace(replace(lower(gharchive_dev.users.company), ,, ), -, ), @, ), www., ), inc, ), .com, ), .cn, ), ., ))->Column#50, Column#49                                                            |
|   └─HashAgg_18                  | 27913.63    | root         |                                                                                                                               | group by:Column#72, funcs:count(distinct Column#70)->Column#49, funcs:firstrow(Column#71)->gharchive_dev.users.company                                                                                                                              |
|     └─Projection_67             | 27913.63    | root         |                                                                                                                               | gharchive_dev.github_events.actor_login, gharchive_dev.users.company, trim(replace(replace(replace(replace(replace(replace(replace(replace(lower(gharchive_dev.users.company), ,, ), -, ), @, ), www., ), inc, ), .com, ), .cn, ), ., ))->Column#72 |
|       └─HashJoin_36             | 27913.63    | root         |                                                                                                                               | left outer join, equal:[eq(gharchive_dev.github_events.actor_login, gharchive_dev.users.login)]                                                                                                                                                     |
|         ├─IndexReader_52(Build) | 49450.99    | root         | partition:watch_event                                                                                                         | index:IndexRangeScan_51                                                                                                                                                                                                                             |
|         │ └─IndexRangeScan_51   | 49450.99    | cop[tikv]    | table:ge, index:index_github_events_on_repo_id_type_action_month_actor_login(repo_id, type, action, event_month, actor_login) | range:[41986369 "WatchEvent",41986369 "WatchEvent"], keep order:false                                                                                                                                                                               |
|         └─TableReader_56(Probe) | 45838860.00 | root         |                                                                                                                               | data:TableFullScan_55                                                                                                                                                                                                                               |
|           └─TableFullScan_55    | 45838860.00 | cop[tiflash] | table:u                                                                                                                       | keep order:false                                                                                                                                                                                                                                    |
+---------------------------------+-------------+--------------+-------------------------------------------------------------------------------------------------------------------------------+-----------------------------------------------------------------------------------------------------------------------------------------------------------------------------------------------------------------------------------------------------+
