+------------------------------+---------------+--------------+----------------------+----------------------------------------------------------------------------------------------------------------------------------------------------------------------------------------------------------------------------------------------------------------------------+
| id                           | estRows       | task         | access object        | operator info                                                                                                                                                                                                                                                              |
+------------------------------+---------------+--------------+----------------------+----------------------------------------------------------------------------------------------------------------------------------------------------------------------------------------------------------------------------------------------------------------------------+
| Sort_6                       | 4318961.94    | root         |                      | Column#37, Column#38                                                                                                                                                                                                                                                       |
| └─Projection_8               | 4318961.94    | root         |                      | minus(dayofweek(gharchive_dev.github_events.created_at), 1)->Column#37, hour(cast(gharchive_dev.github_events.created_at, time))->Column#38, Column#36                                                                                                                     |
|   └─HashAgg_11               | 4318961.94    | root         |                      | group by:Column#49, Column#50, funcs:sum(Column#47)->Column#36, funcs:firstrow(Column#48)->gharchive_dev.github_events.created_at                                                                                                                                          |
|     └─Projection_32          | 66647680.51   | root         |                      | cast(gharchive_dev.github_events.push_distinct_size, decimal(10,0) BINARY)->Column#47, gharchive_dev.github_events.created_at, minus(dayofweek(gharchive_dev.github_events.created_at), 1)->Column#49, hour(cast(gharchive_dev.github_events.created_at, time))->Column#50 |
|       └─TableReader_27       | 66647680.51   | root         | partition:push_event | data:Selection_26                                                                                                                                                                                                                                                          |
|         └─Selection_26       | 66647680.51   | cop[tiflash] |                      | eq(gharchive_dev.github_events.actor_login, "dependabot[bot]"), eq(gharchive_dev.github_events.type, "PushEvent"), ge(gharchive_dev.github_events.event_year, 2019)                                                                                                        |
|           └─TableFullScan_25 | 4945099302.00 | cop[tiflash] | table:github_events  | keep order:false                                                                                                                                                                                                                                                           |
+------------------------------+---------------+--------------+----------------------+----------------------------------------------------------------------------------------------------------------------------------------------------------------------------------------------------------------------------------------------------------------------------+
