+--------------------------------+---------+-----------+----------------------------------------------------------------------------------------------------------------------------------------------------------------------------------------+------------------------------------------------------------------------------------------------------------------------------------------------------------------------------------------------------------------------------------------------------------------------------------------------------------------------------------------------------------------------------------+
| id                             | estRows | task      | access object                                                                                                                                                                          | operator info                                                                                                                                                                                                                                                                                                                                                                      |
+--------------------------------+---------+-----------+----------------------------------------------------------------------------------------------------------------------------------------------------------------------------------------+------------------------------------------------------------------------------------------------------------------------------------------------------------------------------------------------------------------------------------------------------------------------------------------------------------------------------------------------------------------------------------+
| Projection_7                   | 50.00   | root      |                                                                                                                                                                                        | gharchive_dev.github_events.id, gharchive_dev.github_events.type, gharchive_dev.github_events.action, gharchive_dev.github_events.actor_id, gharchive_dev.github_events.actor_login, gharchive_dev.github_events.repo_id, gharchive_dev.github_events.repo_name, gharchive_dev.github_events.number, gharchive_dev.github_events.pr_merged, gharchive_dev.github_events.created_at |
| └─TopN_9                       | 50.00   | root      |                                                                                                                                                                                        | gharchive_dev.github_events.created_at:desc, offset:0, count:50                                                                                                                                                                                                                                                                                                                    |
|   └─IndexLookUp_23             | 50.00   | root      | partition:push_event,create_event,pull_request_event,watch_event,issue_comment_event,issues_event,fork_event,pull_request_review_comment_event,pull_request_review_event,release_event |                                                                                                                                                                                                                                                                                                                                                                                    |
|     ├─IndexRangeScan_19(Build) | 489.92  | cop[tikv] | table:github_events, index:index_github_events_on_created_at(created_at)                                                                                                               | range:[2022-08-29 06:45:40,2022-08-29 06:46:40], keep order:false                                                                                                                                                                                                                                                                                                                  |
|     └─TopN_22(Probe)           | 50.00   | cop[tikv] |                                                                                                                                                                                        | gharchive_dev.github_events.created_at:desc, offset:0, count:50                                                                                                                                                                                                                                                                                                                    |
|       └─Selection_21           | 373.77  | cop[tikv] |                                                                                                                                                                                        | in(gharchive_dev.github_events.type, "WatchEvent", "ForkEvent", "IssuesEvent", "PullRequestEvent", "PushEvent", "CreateEvent", "ReleaseEvent", "PullRequestReviewCommentEvent", "PullRequestReviewEvent", "IssueCommentEvent"), not(like(gharchive_dev.github_events.actor_login, "%-bot", 92)), not(like(gharchive_dev.github_events.actor_login, "%[bot]", 92))                  |
|         └─TableRowIDScan_20    | 489.92  | cop[tikv] | table:github_events                                                                                                                                                                    | keep order:false                                                                                                                                                                                                                                                                                                                                                                   |
+--------------------------------+---------+-----------+----------------------------------------------------------------------------------------------------------------------------------------------------------------------------------------+------------------------------------------------------------------------------------------------------------------------------------------------------------------------------------------------------------------------------------------------------------------------------------------------------------------------------------------------------------------------------------+
