+------------------------------------+----------+-----------+-------------------------------------------------------------------------------------------------------------------------------+------------------------------------------------------------------------------------------------------------------------------------------------------------------------------------------------+
| id                                 | estRows  | task      | access object                                                                                                                 | operator info                                                                                                                                                                                  |
+------------------------------------+----------+-----------+-------------------------------------------------------------------------------------------------------------------------------+------------------------------------------------------------------------------------------------------------------------------------------------------------------------------------------------+
| Sort_144                           | 1.80     | root      |                                                                                                                               | Column#62                                                                                                                                                                                      |
| └─Projection_146                   | 1.80     | root      |                                                                                                                               | Column#62, Column#64, ifnull(Column#65, 0)->Column#71, ifnull(Column#69, 0)->Column#72, Column#67, ifnull(Column#68, 0)->Column#73, ifnull(Column#70, 0)->Column#74                            |
|   └─Projection_147                 | 1.80     | root      |                                                                                                                               | Column#62, Column#64, Column#65, Column#67, Column#68, Column#69, Column#70                                                                                                                    |
|     └─HashJoin_149                 | 1.80     | root      |                                                                                                                               | CARTESIAN inner join                                                                                                                                                                           |
|       ├─HashJoin_150(Build)        | 1.00     | root      |                                                                                                                               | CARTESIAN inner join                                                                                                                                                                           |
|       │ ├─CTEFullScan_153(Build)   | 1.00     | root      | CTE:lpt                                                                                                                       | data:CTE_5                                                                                                                                                                                     |
|       │ └─CTEFullScan_152(Probe)   | 1.00     | root      | CTE:cpt                                                                                                                       | data:CTE_4                                                                                                                                                                                     |
|       └─HashJoin_156(Probe)        | 1.80     | root      |                                                                                                                               | left outer join, equal:[eq(Column#62, Column#66)]                                                                                                                                              |
|         ├─Selection_164(Build)     | 1.45     | root      |                                                                                                                               | not(isnull(Column#66))                                                                                                                                                                         |
|         │ └─CTEFullScan_165        | 1.81     | root      | CTE:lp                                                                                                                        | data:CTE_3                                                                                                                                                                                     |
|         └─HashJoin_158(Probe)      | 1.80     | root      |                                                                                                                               | left outer join, equal:[eq(Column#62, Column#63)]                                                                                                                                              |
|           ├─Selection_161(Build)   | 1.45     | root      |                                                                                                                               | not(isnull(Column#63))                                                                                                                                                                         |
|           │ └─CTEFullScan_162      | 1.81     | root      | CTE:cp                                                                                                                        | data:CTE_2                                                                                                                                                                                     |
|           └─CTEFullScan_160(Probe) | 1.80     | root      | CTE:s                                                                                                                         | data:CTE_0                                                                                                                                                                                     |
| CTE_5                              | 1.00     | root      |                                                                                                                               | Non-Recursive CTE                                                                                                                                                                              |
| └─HashAgg_133(Seed Part)           | 1.00     | root      |                                                                                                                               | funcs:sum(Column#114)->Column#61                                                                                                                                                               |
|   └─Projection_137                 | 1.81     | root      |                                                                                                                               | cast(Column#60, decimal(20,0) BINARY)->Column#114                                                                                                                                              |
|     └─CTEFullScan_135              | 1.81     | root      | CTE:last_2nd_28_days                                                                                                          | data:CTE_3                                                                                                                                                                                     |
| CTE_4                              | 1.00     | root      |                                                                                                                               | Non-Recursive CTE                                                                                                                                                                              |
| └─HashAgg_126(Seed Part)           | 1.00     | root      |                                                                                                                               | funcs:sum(Column#113)->Column#57                                                                                                                                                               |
|   └─Projection_130                 | 1.81     | root      |                                                                                                                               | cast(Column#56, decimal(20,0) BINARY)->Column#113                                                                                                                                              |
|     └─CTEFullScan_128              | 1.81     | root      | CTE:last_28_days                                                                                                              | data:CTE_2                                                                                                                                                                                     |
| CTE_3                              | 1.81     | root      |                                                                                                                               | Non-Recursive CTE                                                                                                                                                                              |
| └─Projection_121(Seed Part)        | 1.81     | root      |                                                                                                                               | Column#50, Column#52, Column#53                                                                                                                                                                |
|   └─Selection_122                  | 1.81     | root      |                                                                                                                               | eq(Column#51, 1), not(isnull(Column#50))                                                                                                                                                       |
|     └─CTEFullScan_123              | 2.26     | root      | CTE:group_by_day                                                                                                              | data:CTE_1                                                                                                                                                                                     |
| CTE_2                              | 1.81     | root      |                                                                                                                               | Non-Recursive CTE                                                                                                                                                                              |
| └─Projection_117(Seed Part)        | 1.81     | root      |                                                                                                                               | Column#46, Column#48, Column#49                                                                                                                                                                |
|   └─Selection_118                  | 1.81     | root      |                                                                                                                               | eq(Column#47, 0), not(isnull(Column#46))                                                                                                                                                       |
|     └─CTEFullScan_119              | 2.26     | root      | CTE:group_by_day                                                                                                              | data:CTE_1                                                                                                                                                                                     |
| CTE_0                              | 1.80     | root      |                                                                                                                               | Recursive CTE                                                                                                                                                                                  |
| ├─Projection_43(Seed Part)         | 1.00     | root      |                                                                                                                               | 1->Column#2                                                                                                                                                                                    |
| │ └─TableDual_44                   | 1.00     | root      |                                                                                                                               | rows:1                                                                                                                                                                                         |
| └─Projection_45(Recursive Part)    | 0.80     | root      |                                                                                                                               | cast(plus(Column#3, 1), bigint(1) BINARY)->Column#5                                                                                                                                            |
|   └─Selection_46                   | 0.80     | root      |                                                                                                                               | lt(Column#3, 28)                                                                                                                                                                               |
|     └─CTETable_47                  | 1.00     | root      |                                                                                                                               | Scan on CTE_0                                                                                                                                                                                  |
| CTE_1                              | 2.26     | root      |                                                                                                                               | Non-Recursive CTE                                                                                                                                                                              |
| └─Projection_49(Seed Part)         | 2.26     | root      |                                                                                                                               | plus(mod(datediff(2022-08-24, cast(Column#42, datetime(6) BINARY)), 28), 1)->Column#44, intdiv(datediff(2022-08-24, cast(Column#42, datetime(6) BINARY)), 28)->Column#45, Column#42, Column#41 |
|   └─Sort_50                        | 2.26     | root      |                                                                                                                               | Column#42                                                                                                                                                                                      |
|     └─Projection_52                | 2.26     | root      |                                                                                                                               | date_format(gharchive_dev.github_events.created_at, %Y-%m-%d)->Column#42, Column#41                                                                                                            |
|       └─HashAgg_79                 | 2.26     | root      |                                                                                                                               | group by:Column#93, funcs:count(Column#94)->Column#41, funcs:firstrow(Column#95)->gharchive_dev.github_events.created_at                                                                       |
|         └─IndexLookUp_80           | 2.26     | root      | partition:watch_event                                                                                                         |                                                                                                                                                                                                |
|           ├─Selection_69(Build)    | 1515.59  | cop[tikv] |                                                                                                                               | ge(gharchive_dev.github_events.event_month, 2022-06-01 00:00:00.000000), le(gharchive_dev.github_events.event_month, 2022-08-01 00:00:00.000000)                                               |
|           │ └─IndexRangeScan_67    | 49287.43 | cop[tikv] | table:ge, index:index_github_events_on_repo_id_type_action_month_actor_login(repo_id, type, action, event_month, actor_login) | range:[41986369 "WatchEvent",41986369 "WatchEvent"], keep order:false                                                                                                                          |
|           └─HashAgg_54(Probe)      | 2.26     | cop[tikv] |                                                                                                                               | group by:date_format(gharchive_dev.github_events.created_at, "%Y-%m-%d"), funcs:count(1)->Column#94, funcs:firstrow(gharchive_dev.github_events.created_at)->Column#95                         |
|             └─Selection_70         | 34.85    | cop[tikv] |                                                                                                                               | gt(gharchive_dev.github_events.created_at, 2022-06-29)                                                                                                                                         |
|               └─TableRowIDScan_68  | 1515.59  | cop[tikv] | table:ge                                                                                                                      | keep order:false                                                                                                                                                                               |
+------------------------------------+----------+-----------+-------------------------------------------------------------------------------------------------------------------------------+------------------------------------------------------------------------------------------------------------------------------------------------------------------------------------------------+
