+----------------------------------------+---------+-----------+------------------------------------------------------------------------------------------------------------------------------------------+-------------------------------------------------------------------------------------------------------------------------------------------------------------------------------------------------------------------------------------------------------------------------------------------------------------------------------------------------------------------------------------------------------------------------------------------------------------------------------------------------------+
| id                                     | estRows | task      | access object                                                                                                                            | operator info                                                                                                                                                                                                                                                                                                                                                                                                                                                                                         |
+----------------------------------------+---------+-----------+------------------------------------------------------------------------------------------------------------------------------------------+-------------------------------------------------------------------------------------------------------------------------------------------------------------------------------------------------------------------------------------------------------------------------------------------------------------------------------------------------------------------------------------------------------------------------------------------------------------------------------------------------------+
| Projection_15                          | 1715.83 | root      |                                                                                                                                          | trim(replace(replace(replace(replace(replace(replace(replace(replace(lower(gharchive_dev.users.company), ,, ), -, ), @, ), ., ), ltd, ), inc, ), com, ), www, ))->Column#50, Column#49                                                                                                                                                                                                                                                                                                                |
| └─TopN_18                              | 1715.83 | root      |                                                                                                                                          | Column#49:desc, offset:0, count:9999999999                                                                                                                                                                                                                                                                                                                                                                                                                                                            |
|   └─Selection_23                       | 1715.83 | root      |                                                                                                                                          | ne(length(trim(replace(replace(replace(replace(replace(replace(replace(replace(lower(gharchive_dev.users.company), ",", ""), "-", ""), "@", ""), ".", ""), "ltd", ""), "inc", ""), "com", ""), "www", ""))), 0), not(in(trim(replace(replace(replace(replace(replace(replace(replace(replace(lower(gharchive_dev.users.company), ",", ""), "-", ""), "@", ""), ".", ""), "ltd", ""), "inc", ""), "com", ""), "www", "")), "-", "--- click here ---", "none", "no", "home", "n/a", "unknown", "null")) |
|     └─HashAgg_24                       | 2144.79 | root      |                                                                                                                                          | group by:Column#66, funcs:count(distinct Column#64)->Column#49, funcs:firstrow(Column#65)->gharchive_dev.users.company                                                                                                                                                                                                                                                                                                                                                                                |
|       └─Projection_83                  | 2144.79 | root      |                                                                                                                                          | gharchive_dev.github_events.actor_login, gharchive_dev.users.company, trim(replace(replace(replace(replace(replace(replace(replace(replace(lower(gharchive_dev.users.company), ,, ), -, ), @, ), ., ), ltd, ), inc, ), com, ), www, ))->Column#66                                                                                                                                                                                                                                                     |
|         └─IndexJoin_32                 | 2144.79 | root      |                                                                                                                                          | left outer join, inner:IndexLookUp_31, outer key:gharchive_dev.github_events.actor_login, inner key:gharchive_dev.users.login, equal cond:eq(gharchive_dev.github_events.actor_login, gharchive_dev.users.login)                                                                                                                                                                                                                                                                                      |
|           ├─IndexReader_58(Build)      | 2680.99 | root      | partition:pull_request_event                                                                                                             | index:IndexRangeScan_57                                                                                                                                                                                                                                                                                                                                                                                                                                                                               |
|           │ └─IndexRangeScan_57        | 2680.99 | cop[tikv] | table:github_events, index:index_github_events_on_repo_id_type_action_month_actor_login(repo_id, type, action, event_month, actor_login) | range:[41986369 "PullRequestEvent" "opened",41986369 "PullRequestEvent" "opened"], keep order:false                                                                                                                                                                                                                                                                                                                                                                                                   |
|           └─IndexLookUp_31(Probe)      | 1.00    | root      |                                                                                                                                          |                                                                                                                                                                                                                                                                                                                                                                                                                                                                                                       |
|             ├─IndexRangeScan_29(Build) | 1.00    | cop[tikv] | table:u, index:index_login_on_users(login)                                                                                               | range: decided by [eq(gharchive_dev.users.login, gharchive_dev.github_events.actor_login)], keep order:false                                                                                                                                                                                                                                                                                                                                                                                          |
|             └─TableRowIDScan_30(Probe) | 1.00    | cop[tikv] | table:u                                                                                                                                  | keep order:false                                                                                                                                                                                                                                                                                                                                                                                                                                                                                      |
+----------------------------------------+---------+-----------+------------------------------------------------------------------------------------------------------------------------------------------+-------------------------------------------------------------------------------------------------------------------------------------------------------------------------------------------------------------------------------------------------------------------------------------------------------------------------------------------------------------------------------------------------------------------------------------------------------------------------------------------------------+
