+--------------------------------+---------------+--------------+------------------------------+-------------------------------------------------------------------------------------------------------------------------------------------------------------------------------------------------------------------------------------------------------------------------------------------------------------------------------------------------------+
| id                             | estRows       | task         | access object                | operator info                                                                                                                                                                                                                                                                                                                                         |
+--------------------------------+---------------+--------------+------------------------------+-------------------------------------------------------------------------------------------------------------------------------------------------------------------------------------------------------------------------------------------------------------------------------------------------------------------------------------------------------+
| Sort_31                        | 330.30        | root         |                              | Column#43:desc                                                                                                                                                                                                                                                                                                                                        |
| └─Projection_33                | 330.30        | root         |                              | gharchive_dev.osdb_repos.group_name, gharchive_dev.github_events.actor_login, Column#43                                                                                                                                                                                                                                                               |
|   └─HashAgg_34                 | 330.30        | root         |                              | group by:gharchive_dev.github_events.actor_login, gharchive_dev.osdb_repos.group_name, funcs:count(gharchive_dev.github_events.pr_or_issue_id)->Column#43, funcs:firstrow(gharchive_dev.osdb_repos.group_name)->gharchive_dev.osdb_repos.group_name, funcs:firstrow(gharchive_dev.github_events.actor_login)->gharchive_dev.github_events.actor_login |
|     └─Selection_35             | 330.30        | root         |                              | not(like(gharchive_dev.github_events.actor_login, "%bot%", 92))                                                                                                                                                                                                                                                                                       |
|       └─CTEFullScan_36         | 412.87        | root         | CTE:prs                      | data:CTE_0                                                                                                                                                                                                                                                                                                                                            |
| CTE_0                          | 412.87        | root         |                              | Non-Recursive CTE                                                                                                                                                                                                                                                                                                                                     |
| └─Projection_17(Seed Part)     | 412.87        | root         |                              | gharchive_dev.github_events.pr_or_issue_id, gharchive_dev.osdb_repos.group_name, gharchive_dev.github_events.actor_login                                                                                                                                                                                                                              |
|   └─Projection_18              | 412.87        | root         |                              | gharchive_dev.github_events.actor_login, gharchive_dev.github_events.pr_or_issue_id, gharchive_dev.osdb_repos.group_name                                                                                                                                                                                                                              |
|     └─HashJoin_20              | 412.87        | root         |                              | inner join, equal:[eq(Column#45, Column#44)]                                                                                                                                                                                                                                                                                                          |
|       ├─Projection_21(Build)   | 23.00         | root         |                              | gharchive_dev.osdb_repos.group_name, cast(gharchive_dev.osdb_repos.id, double BINARY)->Column#45                                                                                                                                                                                                                                                      |
|       │ └─TableReader_23       | 23.00         | root         |                              | data:TableFullScan_22                                                                                                                                                                                                                                                                                                                                 |
|       │   └─TableFullScan_22   | 23.00         | cop[tikv]    | table:db                     | keep order:false, stats:pseudo                                                                                                                                                                                                                                                                                                                        |
|       └─Projection_24(Probe)   | 19866880.65   | root         |                              | gharchive_dev.github_events.actor_login, gharchive_dev.github_events.pr_or_issue_id, cast(gharchive_dev.github_events.repo_id, double BINARY)->Column#44                                                                                                                                                                                              |
|         └─TableReader_30       | 19866880.65   | root         | partition:pull_request_event | data:Selection_29                                                                                                                                                                                                                                                                                                                                     |
|           └─Selection_29       | 19866880.65   | cop[tiflash] |                              | eq(gharchive_dev.github_events.action, "opened"), eq(gharchive_dev.github_events.type, "PullRequestEvent"), not(like(gharchive_dev.github_events.actor_login, "%bot%", 92))                                                                                                                                                                           |
|             └─TableFullScan_28 | 4928742742.00 | cop[tiflash] | table:ge                     | keep order:false                                                                                                                                                                                                                                                                                                                                      |
+--------------------------------+---------------+--------------+------------------------------+-------------------------------------------------------------------------------------------------------------------------------------------------------------------------------------------------------------------------------------------------------------------------------------------------------------------------------------------------------+
