+-----------------------------------------+-------------+-----------+------------------------------------------------------------------------------------------------------------------------------------------+-------------------------------------------------------------------------------------------------------------------------------------------------------------------------------------------------------------------------------------------------------------------------------------------------------------------------------------------------------------------------------------------------------------------------------------------------------------------------------------+
| id                                      | estRows     | task      | access object                                                                                                                            | operator info                                                                                                                                                                                                                                                                                                                                                                                                                                                                       |
+-----------------------------------------+-------------+-----------+------------------------------------------------------------------------------------------------------------------------------------------+-------------------------------------------------------------------------------------------------------------------------------------------------------------------------------------------------------------------------------------------------------------------------------------------------------------------------------------------------------------------------------------------------------------------------------------------------------------------------------------+
| Projection_17                           | 1.45        | root      |                                                                                                                                          | Column#50                                                                                                                                                                                                                                                                                                                                                                                                                                                                           |
| └─TopN_20                               | 1.45        | root      |                                                                                                                                          | Column#52:desc, offset:0, count:50                                                                                                                                                                                                                                                                                                                                                                                                                                                  |
|   └─Selection_25                        | 1.45        | root      |                                                                                                                                          | gt(Column#51, 1)                                                                                                                                                                                                                                                                                                                                                                                                                                                                    |
|     └─HashAgg_26                        | 1.81        | root      |                                                                                                                                          | group by:Column#70, funcs:count(distinct Column#67)->Column#51, funcs:sum(Column#68)->Column#52, funcs:firstrow(Column#69)->Column#50                                                                                                                                                                                                                                                                                                                                               |
|       └─Projection_72                   | 1.81        | root      |                                                                                                                                          | gharchive_dev.github_events.repo_id, cast(Column#49, decimal(20,0) BINARY)->Column#68, trim(replace(replace(replace(replace(replace(replace(replace(replace(lower(gharchive_dev.users.company), ,, ), -, ), @, ), www., ), inc, ), .com, ), .cn, ), ., ))->Column#69, trim(replace(replace(replace(replace(replace(replace(replace(replace(lower(gharchive_dev.users.company), ,, ), -, ), @, ), www., ), inc, ), .com, ), .cn, ), ., ))->Column#70                                 |
|         └─Selection_29                  | 1.81        | root      |                                                                                                                                          | ne(length(trim(replace(replace(replace(replace(replace(replace(replace(replace(lower(gharchive_dev.users.company), ",", ""), "-", ""), "@", ""), "www.", ""), "inc", ""), ".com", ""), ".cn", ""), ".", ""))), 0), not(in(trim(replace(replace(replace(replace(replace(replace(replace(replace(lower(gharchive_dev.users.company), ",", ""), "-", ""), "@", ""), "www.", ""), "inc", ""), ".com", ""), ".cn", ""), ".", "")), "-", "none", "no", "home", "n/a", "null", "unknown")) |
|           └─HashAgg_30                  | 2.26        | root      |                                                                                                                                          | group by:Column#65, Column#66, funcs:count(distinct Column#62)->Column#49, funcs:firstrow(Column#63)->gharchive_dev.github_events.repo_id, funcs:firstrow(Column#64)->gharchive_dev.users.company                                                                                                                                                                                                                                                                                   |
|             └─Projection_71             | 2.26        | root      |                                                                                                                                          | gharchive_dev.github_events.actor_login, gharchive_dev.github_events.repo_id, gharchive_dev.users.company, trim(replace(replace(replace(replace(replace(replace(replace(replace(lower(gharchive_dev.users.company), ,, ), -, ), @, ), www., ), inc, ), .com, ), .cn, ), ., ))->Column#65, gharchive_dev.github_events.repo_id                                                                                                                                                       |
|               └─HashJoin_49             | 2.26        | root      |                                                                                                                                          | left outer join, equal:[eq(gharchive_dev.github_events.actor_login, gharchive_dev.users.login)]                                                                                                                                                                                                                                                                                                                                                                                     |
|                 ├─IndexReader_60(Build) | 98901.99    | root      | partition:watch_event                                                                                                                    | index:IndexRangeScan_59                                                                                                                                                                                                                                                                                                                                                                                                                                                             |
|                 │ └─IndexRangeScan_59   | 98901.99    | cop[tikv] | table:github_events, index:index_github_events_on_repo_id_type_action_month_actor_login(repo_id, type, action, event_month, actor_login) | range:[156018 "WatchEvent",156018 "WatchEvent"], [48833910 "WatchEvent",48833910 "WatchEvent"], keep order:false                                                                                                                                                                                                                                                                                                                                                                    |
|                 └─TableReader_62(Probe) | 45838860.00 | root      |                                                                                                                                          | data:TableFullScan_61                                                                                                                                                                                                                                                                                                                                                                                                                                                               |
|                   └─TableFullScan_61    | 45838860.00 | cop[tikv] | table:u                                                                                                                                  | keep order:false                                                                                                                                                                                                                                                                                                                                                                                                                                                                    |
+-----------------------------------------+-------------+-----------+------------------------------------------------------------------------------------------------------------------------------------------+-------------------------------------------------------------------------------------------------------------------------------------------------------------------------------------------------------------------------------------------------------------------------------------------------------------------------------------------------------------------------------------------------------------------------------------------------------------------------------------+
